{"D:\\js_labs\\main.js": {"path":"D:\\js_labs\\main.js","statementMap":{"0":{"start":{"line":2,"column":2},"end":{"line":2,"column":15}}},"fnMap":{"0":{"name":"sum","decl":{"start":{"line":1,"column":16},"end":{"line":1,"column":19}},"loc":{"start":{"line":1,"column":26},"end":{"line":3,"column":1}},"line":1}},"branchMap":{},"s":{"0":1},"f":{"0":1},"b":{},"_coverageSchema":"1a1c01bbd47fc00a2c39e90264f33305004495a9","hash":"88f784366cd803852ebfe1f3ff56a27aa39f2414"}
,"D:\\js_labs\\practices\\01-calc-s.js": {"path":"D:\\js_labs\\practices\\01-calc-s.js","statementMap":{"0":{"start":{"line":3,"column":1},"end":{"line":5,"column":2}},"1":{"start":{"line":4,"column":2},"end":{"line":4,"column":11}},"2":{"start":{"line":6,"column":11},"end":{"line":6,"column":12}},"3":{"start":{"line":7,"column":1},"end":{"line":9,"column":2}},"4":{"start":{"line":7,"column":14},"end":{"line":7,"column":15}},"5":{"start":{"line":8,"column":2},"end":{"line":8,"column":11}},"6":{"start":{"line":10,"column":1},"end":{"line":10,"column":12}},"7":{"start":{"line":14,"column":1},"end":{"line":16,"column":2}},"8":{"start":{"line":15,"column":2},"end":{"line":15,"column":11}},"9":{"start":{"line":17,"column":1},"end":{"line":17,"column":26}}},"fnMap":{"0":{"name":"calculateSum","decl":{"start":{"line":2,"column":16},"end":{"line":2,"column":28}},"loc":{"start":{"line":2,"column":32},"end":{"line":11,"column":1}},"line":2},"1":{"name":"calculateSum2","decl":{"start":{"line":13,"column":16},"end":{"line":13,"column":29}},"loc":{"start":{"line":13,"column":33},"end":{"line":18,"column":1}},"line":13}},"branchMap":{"0":{"loc":{"start":{"line":3,"column":1},"end":{"line":5,"column":2}},"type":"if","locations":[{"start":{"line":3,"column":1},"end":{"line":5,"column":2}},{"start":{"line":3,"column":1},"end":{"line":5,"column":2}}],"line":3},"1":{"loc":{"start":{"line":14,"column":1},"end":{"line":16,"column":2}},"type":"if","locations":[{"start":{"line":14,"column":1},"end":{"line":16,"column":2}},{"start":{"line":14,"column":1},"end":{"line":16,"column":2}}],"line":14}},"s":{"0":6,"1":2,"2":4,"3":4,"4":4,"5":16,"6":4,"7":6,"8":2,"9":4},"f":{"0":6,"1":6},"b":{"0":[2,4],"1":[2,4]},"_coverageSchema":"1a1c01bbd47fc00a2c39e90264f33305004495a9","hash":"340d6ac194211a9ad7328db7b49b64bbbd4a88be"}
,"D:\\js_labs\\practices\\array-check-07.js": {"path":"D:\\js_labs\\practices\\array-check-07.js","statementMap":{"0":{"start":{"line":2,"column":1},"end":{"line":2,"column":78}},"1":{"start":{"line":5,"column":1},"end":{"line":7,"column":2}},"2":{"start":{"line":6,"column":2},"end":{"line":6,"column":15}},"3":{"start":{"line":8,"column":1},"end":{"line":11,"column":2}},"4":{"start":{"line":8,"column":14},"end":{"line":8,"column":15}},"5":{"start":{"line":9,"column":18},"end":{"line":9,"column":32}},"6":{"start":{"line":10,"column":2},"end":{"line":10,"column":36}},"7":{"start":{"line":10,"column":24},"end":{"line":10,"column":36}},"8":{"start":{"line":12,"column":1},"end":{"line":12,"column":14}},"9":{"start":{"line":16,"column":1},"end":{"line":18,"column":2}},"10":{"start":{"line":17,"column":2},"end":{"line":17,"column":15}},"11":{"start":{"line":19,"column":20},"end":{"line":19,"column":25}},"12":{"start":{"line":20,"column":1},"end":{"line":22,"column":4}},"13":{"start":{"line":21,"column":2},"end":{"line":21,"column":44}},"14":{"start":{"line":21,"column":24},"end":{"line":21,"column":44}},"15":{"start":{"line":23,"column":1},"end":{"line":23,"column":21}},"16":{"start":{"line":27,"column":1},"end":{"line":29,"column":2}},"17":{"start":{"line":28,"column":2},"end":{"line":28,"column":15}},"18":{"start":{"line":30,"column":1},"end":{"line":30,"column":43}},"19":{"start":{"line":35,"column":1},"end":{"line":37,"column":2}},"20":{"start":{"line":36,"column":2},"end":{"line":36,"column":15}},"21":{"start":{"line":38,"column":1},"end":{"line":38,"column":44}},"22":{"start":{"line":42,"column":1},"end":{"line":44,"column":2}},"23":{"start":{"line":43,"column":2},"end":{"line":43,"column":15}},"24":{"start":{"line":45,"column":1},"end":{"line":45,"column":47}}},"fnMap":{"0":{"name":"isAlice","decl":{"start":{"line":1,"column":9},"end":{"line":1,"column":16}},"loc":{"start":{"line":1,"column":26},"end":{"line":3,"column":1}},"line":1},"1":{"name":"hasAlice","decl":{"start":{"line":4,"column":16},"end":{"line":4,"column":24}},"loc":{"start":{"line":4,"column":38},"end":{"line":13,"column":1}},"line":4},"2":{"name":"hasAlice2","decl":{"start":{"line":15,"column":16},"end":{"line":15,"column":25}},"loc":{"start":{"line":15,"column":39},"end":{"line":24,"column":1}},"line":15},"3":{"name":"(anonymous_3)","decl":{"start":{"line":20,"column":21},"end":{"line":20,"column":22}},"loc":{"start":{"line":20,"column":34},"end":{"line":22,"column":2}},"line":20},"4":{"name":"hasAlice3","decl":{"start":{"line":26,"column":16},"end":{"line":26,"column":25}},"loc":{"start":{"line":26,"column":39},"end":{"line":31,"column":1}},"line":26},"5":{"name":"hasAlice4","decl":{"start":{"line":34,"column":16},"end":{"line":34,"column":25}},"loc":{"start":{"line":34,"column":39},"end":{"line":39,"column":1}},"line":34},"6":{"name":"hasAlice5","decl":{"start":{"line":41,"column":16},"end":{"line":41,"column":25}},"loc":{"start":{"line":41,"column":39},"end":{"line":46,"column":1}},"line":41}},"branchMap":{"0":{"loc":{"start":{"line":2,"column":8},"end":{"line":2,"column":77}},"type":"binary-expr","locations":[{"start":{"line":2,"column":8},"end":{"line":2,"column":35}},{"start":{"line":2,"column":39},"end":{"line":2,"column":77}}],"line":2},"1":{"loc":{"start":{"line":5,"column":1},"end":{"line":7,"column":2}},"type":"if","locations":[{"start":{"line":5,"column":1},"end":{"line":7,"column":2}},{"start":{"line":5,"column":1},"end":{"line":7,"column":2}}],"line":5},"2":{"loc":{"start":{"line":5,"column":5},"end":{"line":5,"column":60}},"type":"binary-expr","locations":[{"start":{"line":5,"column":5},"end":{"line":5,"column":32}},{"start":{"line":5,"column":36},"end":{"line":5,"column":60}}],"line":5},"3":{"loc":{"start":{"line":10,"column":2},"end":{"line":10,"column":36}},"type":"if","locations":[{"start":{"line":10,"column":2},"end":{"line":10,"column":36}},{"start":{"line":10,"column":2},"end":{"line":10,"column":36}}],"line":10},"4":{"loc":{"start":{"line":16,"column":1},"end":{"line":18,"column":2}},"type":"if","locations":[{"start":{"line":16,"column":1},"end":{"line":18,"column":2}},{"start":{"line":16,"column":1},"end":{"line":18,"column":2}}],"line":16},"5":{"loc":{"start":{"line":16,"column":5},"end":{"line":16,"column":60}},"type":"binary-expr","locations":[{"start":{"line":16,"column":5},"end":{"line":16,"column":32}},{"start":{"line":16,"column":36},"end":{"line":16,"column":60}}],"line":16},"6":{"loc":{"start":{"line":21,"column":2},"end":{"line":21,"column":44}},"type":"if","locations":[{"start":{"line":21,"column":2},"end":{"line":21,"column":44}},{"start":{"line":21,"column":2},"end":{"line":21,"column":44}}],"line":21},"7":{"loc":{"start":{"line":27,"column":1},"end":{"line":29,"column":2}},"type":"if","locations":[{"start":{"line":27,"column":1},"end":{"line":29,"column":2}},{"start":{"line":27,"column":1},"end":{"line":29,"column":2}}],"line":27},"8":{"loc":{"start":{"line":27,"column":5},"end":{"line":27,"column":60}},"type":"binary-expr","locations":[{"start":{"line":27,"column":5},"end":{"line":27,"column":32}},{"start":{"line":27,"column":36},"end":{"line":27,"column":60}}],"line":27},"9":{"loc":{"start":{"line":35,"column":1},"end":{"line":37,"column":2}},"type":"if","locations":[{"start":{"line":35,"column":1},"end":{"line":37,"column":2}},{"start":{"line":35,"column":1},"end":{"line":37,"column":2}}],"line":35},"10":{"loc":{"start":{"line":35,"column":5},"end":{"line":35,"column":60}},"type":"binary-expr","locations":[{"start":{"line":35,"column":5},"end":{"line":35,"column":32}},{"start":{"line":35,"column":36},"end":{"line":35,"column":60}}],"line":35},"11":{"loc":{"start":{"line":42,"column":1},"end":{"line":44,"column":2}},"type":"if","locations":[{"start":{"line":42,"column":1},"end":{"line":44,"column":2}},{"start":{"line":42,"column":1},"end":{"line":44,"column":2}}],"line":42},"12":{"loc":{"start":{"line":42,"column":5},"end":{"line":42,"column":60}},"type":"binary-expr","locations":[{"start":{"line":42,"column":5},"end":{"line":42,"column":32}},{"start":{"line":42,"column":36},"end":{"line":42,"column":60}}],"line":42}},"s":{"0":17,"1":3,"2":1,"3":2,"4":2,"5":3,"6":3,"7":1,"8":1,"9":3,"10":1,"11":2,"12":2,"13":4,"14":1,"15":2,"16":3,"17":1,"18":2,"19":3,"20":1,"21":2,"22":3,"23":1,"24":2},"f":{"0":17,"1":3,"2":3,"3":4,"4":3,"5":3,"6":3},"b":{"0":[17,5],"1":[1,2],"2":[3,3],"3":[1,2],"4":[1,2],"5":[3,3],"6":[1,3],"7":[1,2],"8":[3,3],"9":[1,2],"10":[3,3],"11":[1,2],"12":[3,3]},"_coverageSchema":"1a1c01bbd47fc00a2c39e90264f33305004495a9","hash":"ab02b4d0cd9c46efdfe77c3709389800120bcf05"}
,"D:\\js_labs\\practices\\array-count-04.js": {"path":"D:\\js_labs\\practices\\array-count-04.js","statementMap":{"0":{"start":{"line":2,"column":1},"end":{"line":4,"column":2}},"1":{"start":{"line":3,"column":2},"end":{"line":3,"column":11}},"2":{"start":{"line":5,"column":26},"end":{"line":5,"column":28}},"3":{"start":{"line":6,"column":1},"end":{"line":9,"column":2}},"4":{"start":{"line":6,"column":14},"end":{"line":6,"column":15}},"5":{"start":{"line":7,"column":17},"end":{"line":7,"column":30}},"6":{"start":{"line":8,"column":2},"end":{"line":8,"column":72}},"7":{"start":{"line":8,"column":42},"end":{"line":8,"column":72}},"8":{"start":{"line":10,"column":1},"end":{"line":10,"column":32}},"9":{"start":{"line":14,"column":1},"end":{"line":16,"column":2}},"10":{"start":{"line":15,"column":2},"end":{"line":15,"column":11}},"11":{"start":{"line":17,"column":14},"end":{"line":17,"column":16}},"12":{"start":{"line":18,"column":1},"end":{"line":21,"column":2}},"13":{"start":{"line":18,"column":14},"end":{"line":18,"column":15}},"14":{"start":{"line":19,"column":17},"end":{"line":19,"column":30}},"15":{"start":{"line":20,"column":2},"end":{"line":20,"column":22}},"16":{"start":{"line":22,"column":1},"end":{"line":22,"column":33}}},"fnMap":{"0":{"name":"countUniqueNumbers","decl":{"start":{"line":1,"column":16},"end":{"line":1,"column":34}},"loc":{"start":{"line":1,"column":47},"end":{"line":11,"column":1}},"line":1},"1":{"name":"countUniqueNumbers2","decl":{"start":{"line":13,"column":16},"end":{"line":13,"column":35}},"loc":{"start":{"line":13,"column":48},"end":{"line":23,"column":1}},"line":13}},"branchMap":{"0":{"loc":{"start":{"line":2,"column":1},"end":{"line":4,"column":2}},"type":"if","locations":[{"start":{"line":2,"column":1},"end":{"line":4,"column":2}},{"start":{"line":2,"column":1},"end":{"line":4,"column":2}}],"line":2},"1":{"loc":{"start":{"line":2,"column":5},"end":{"line":2,"column":58}},"type":"binary-expr","locations":[{"start":{"line":2,"column":5},"end":{"line":2,"column":31}},{"start":{"line":2,"column":35},"end":{"line":2,"column":58}}],"line":2},"2":{"loc":{"start":{"line":8,"column":2},"end":{"line":8,"column":72}},"type":"if","locations":[{"start":{"line":8,"column":2},"end":{"line":8,"column":72}},{"start":{"line":8,"column":2},"end":{"line":8,"column":72}}],"line":8},"3":{"loc":{"start":{"line":14,"column":1},"end":{"line":16,"column":2}},"type":"if","locations":[{"start":{"line":14,"column":1},"end":{"line":16,"column":2}},{"start":{"line":14,"column":1},"end":{"line":16,"column":2}}],"line":14},"4":{"loc":{"start":{"line":14,"column":5},"end":{"line":14,"column":58}},"type":"binary-expr","locations":[{"start":{"line":14,"column":5},"end":{"line":14,"column":31}},{"start":{"line":14,"column":35},"end":{"line":14,"column":58}}],"line":14}},"s":{"0":11,"1":5,"2":6,"3":6,"4":6,"5":22,"6":22,"7":12,"8":6,"9":11,"10":5,"11":6,"12":6,"13":6,"14":22,"15":22,"16":6},"f":{"0":11,"1":11},"b":{"0":[5,6],"1":[11,7],"2":[12,10],"3":[5,6],"4":[11,7]},"_coverageSchema":"1a1c01bbd47fc00a2c39e90264f33305004495a9","hash":"d63f94082a3748187cc774b9e9e83dd7857dd5be"}
,"D:\\js_labs\\practices\\array-filter-06.js": {"path":"D:\\js_labs\\practices\\array-filter-06.js","statementMap":{"0":{"start":{"line":2,"column":1},"end":{"line":4,"column":2}},"1":{"start":{"line":3,"column":2},"end":{"line":3,"column":12}},"2":{"start":{"line":5,"column":14},"end":{"line":5,"column":16}},"3":{"start":{"line":6,"column":1},"end":{"line":15,"column":2}},"4":{"start":{"line":6,"column":14},"end":{"line":6,"column":15}},"5":{"start":{"line":7,"column":2},"end":{"line":14,"column":6}},"6":{"start":{"line":11,"column":4},"end":{"line":13,"column":5}},"7":{"start":{"line":12,"column":5},"end":{"line":12,"column":32}},"8":{"start":{"line":16,"column":1},"end":{"line":16,"column":15}},"9":{"start":{"line":20,"column":24},"end":{"line":20,"column":40}},"10":{"start":{"line":21,"column":29},"end":{"line":21,"column":64}},"11":{"start":{"line":22,"column":1},"end":{"line":22,"column":46}},"12":{"start":{"line":25,"column":1},"end":{"line":27,"column":2}},"13":{"start":{"line":26,"column":2},"end":{"line":26,"column":12}},"14":{"start":{"line":28,"column":14},"end":{"line":28,"column":16}},"15":{"start":{"line":29,"column":1},"end":{"line":33,"column":2}},"16":{"start":{"line":29,"column":14},"end":{"line":29,"column":15}},"17":{"start":{"line":30,"column":17},"end":{"line":30,"column":30}},"18":{"start":{"line":31,"column":20},"end":{"line":31,"column":43}},"19":{"start":{"line":32,"column":2},"end":{"line":32,"column":47}},"20":{"start":{"line":32,"column":27},"end":{"line":32,"column":47}},"21":{"start":{"line":34,"column":1},"end":{"line":34,"column":15}},"22":{"start":{"line":39,"column":1},"end":{"line":41,"column":2}},"23":{"start":{"line":40,"column":2},"end":{"line":40,"column":12}},"24":{"start":{"line":42,"column":1},"end":{"line":42,"column":73}},"25":{"start":{"line":42,"column":38},"end":{"line":42,"column":71}}},"fnMap":{"0":{"name":"findAllNumber","decl":{"start":{"line":1,"column":16},"end":{"line":1,"column":29}},"loc":{"start":{"line":1,"column":42},"end":{"line":17,"column":1}},"line":1},"1":{"name":"(anonymous_1)","decl":{"start":{"line":10,"column":12},"end":{"line":10,"column":13}},"loc":{"start":{"line":10,"column":30},"end":{"line":14,"column":4}},"line":10},"2":{"name":"getTheFirtDigit","decl":{"start":{"line":19,"column":9},"end":{"line":19,"column":24}},"loc":{"start":{"line":19,"column":33},"end":{"line":23,"column":1}},"line":19},"3":{"name":"findAllNumber2","decl":{"start":{"line":24,"column":16},"end":{"line":24,"column":30}},"loc":{"start":{"line":24,"column":43},"end":{"line":35,"column":1}},"line":24},"4":{"name":"findAllNumber3","decl":{"start":{"line":38,"column":16},"end":{"line":38,"column":30}},"loc":{"start":{"line":38,"column":43},"end":{"line":43,"column":1}},"line":38},"5":{"name":"(anonymous_5)","decl":{"start":{"line":42,"column":26},"end":{"line":42,"column":27}},"loc":{"start":{"line":42,"column":38},"end":{"line":42,"column":71}},"line":42}},"branchMap":{"0":{"loc":{"start":{"line":2,"column":1},"end":{"line":4,"column":2}},"type":"if","locations":[{"start":{"line":2,"column":1},"end":{"line":4,"column":2}},{"start":{"line":2,"column":1},"end":{"line":4,"column":2}}],"line":2},"1":{"loc":{"start":{"line":2,"column":5},"end":{"line":2,"column":58}},"type":"binary-expr","locations":[{"start":{"line":2,"column":5},"end":{"line":2,"column":31}},{"start":{"line":2,"column":35},"end":{"line":2,"column":58}}],"line":2},"2":{"loc":{"start":{"line":11,"column":4},"end":{"line":13,"column":5}},"type":"if","locations":[{"start":{"line":11,"column":4},"end":{"line":13,"column":5}},{"start":{"line":11,"column":4},"end":{"line":13,"column":5}}],"line":11},"3":{"loc":{"start":{"line":11,"column":8},"end":{"line":11,"column":38}},"type":"binary-expr","locations":[{"start":{"line":11,"column":8},"end":{"line":11,"column":17}},{"start":{"line":11,"column":21},"end":{"line":11,"column":38}}],"line":11},"4":{"loc":{"start":{"line":25,"column":1},"end":{"line":27,"column":2}},"type":"if","locations":[{"start":{"line":25,"column":1},"end":{"line":27,"column":2}},{"start":{"line":25,"column":1},"end":{"line":27,"column":2}}],"line":25},"5":{"loc":{"start":{"line":25,"column":5},"end":{"line":25,"column":58}},"type":"binary-expr","locations":[{"start":{"line":25,"column":5},"end":{"line":25,"column":31}},{"start":{"line":25,"column":35},"end":{"line":25,"column":58}}],"line":25},"6":{"loc":{"start":{"line":32,"column":2},"end":{"line":32,"column":47}},"type":"if","locations":[{"start":{"line":32,"column":2},"end":{"line":32,"column":47}},{"start":{"line":32,"column":2},"end":{"line":32,"column":47}}],"line":32},"7":{"loc":{"start":{"line":39,"column":1},"end":{"line":41,"column":2}},"type":"if","locations":[{"start":{"line":39,"column":1},"end":{"line":41,"column":2}},{"start":{"line":39,"column":1},"end":{"line":41,"column":2}}],"line":39},"8":{"loc":{"start":{"line":39,"column":5},"end":{"line":39,"column":58}},"type":"binary-expr","locations":[{"start":{"line":39,"column":5},"end":{"line":39,"column":31}},{"start":{"line":39,"column":35},"end":{"line":39,"column":58}}],"line":39}},"s":{"0":7,"1":5,"2":2,"3":2,"4":2,"5":9,"6":27,"7":3,"8":2,"9":18,"10":18,"11":18,"12":7,"13":5,"14":2,"15":2,"16":2,"17":9,"18":9,"19":9,"20":3,"21":2,"22":7,"23":5,"24":2,"25":9},"f":{"0":7,"1":27,"2":18,"3":7,"4":7,"5":9},"b":{"0":[5,2],"1":[7,3],"2":[3,24],"3":[27,9],"4":[5,2],"5":[7,3],"6":[3,6],"7":[5,2],"8":[7,3]},"_coverageSchema":"1a1c01bbd47fc00a2c39e90264f33305004495a9","hash":"811aaebddd7fec6e60cd0836f1584d4bb691a81d"}
,"D:\\js_labs\\practices\\array-find-09.js": {"path":"D:\\js_labs\\practices\\array-find-09.js","statementMap":{"0":{"start":{"line":2,"column":1},"end":{"line":4,"column":2}},"1":{"start":{"line":3,"column":2},"end":{"line":3,"column":12}},"2":{"start":{"line":5,"column":1},"end":{"line":8,"column":2}},"3":{"start":{"line":5,"column":14},"end":{"line":5,"column":15}},"4":{"start":{"line":6,"column":18},"end":{"line":6,"column":32}},"5":{"start":{"line":7,"column":2},"end":{"line":7,"column":41}},"6":{"start":{"line":7,"column":32},"end":{"line":7,"column":41}},"7":{"start":{"line":9,"column":1},"end":{"line":9,"column":11}},"8":{"start":{"line":13,"column":1},"end":{"line":15,"column":2}},"9":{"start":{"line":14,"column":2},"end":{"line":14,"column":12}},"10":{"start":{"line":16,"column":1},"end":{"line":16,"column":69}},"11":{"start":{"line":16,"column":43},"end":{"line":16,"column":67}}},"fnMap":{"0":{"name":"findStudentById","decl":{"start":{"line":1,"column":16},"end":{"line":1,"column":31}},"loc":{"start":{"line":1,"column":56},"end":{"line":10,"column":1}},"line":1},"1":{"name":"findStudentById2","decl":{"start":{"line":12,"column":16},"end":{"line":12,"column":32}},"loc":{"start":{"line":12,"column":57},"end":{"line":17,"column":1}},"line":12},"2":{"name":"(anonymous_2)","decl":{"start":{"line":16,"column":30},"end":{"line":16,"column":31}},"loc":{"start":{"line":16,"column":43},"end":{"line":16,"column":67}},"line":16}},"branchMap":{"0":{"loc":{"start":{"line":2,"column":1},"end":{"line":4,"column":2}},"type":"if","locations":[{"start":{"line":2,"column":1},"end":{"line":4,"column":2}},{"start":{"line":2,"column":1},"end":{"line":4,"column":2}}],"line":2},"1":{"loc":{"start":{"line":2,"column":5},"end":{"line":2,"column":60}},"type":"binary-expr","locations":[{"start":{"line":2,"column":5},"end":{"line":2,"column":32}},{"start":{"line":2,"column":36},"end":{"line":2,"column":60}}],"line":2},"2":{"loc":{"start":{"line":7,"column":2},"end":{"line":7,"column":41}},"type":"if","locations":[{"start":{"line":7,"column":2},"end":{"line":7,"column":41}},{"start":{"line":7,"column":2},"end":{"line":7,"column":41}}],"line":7},"3":{"loc":{"start":{"line":13,"column":1},"end":{"line":15,"column":2}},"type":"if","locations":[{"start":{"line":13,"column":1},"end":{"line":15,"column":2}},{"start":{"line":13,"column":1},"end":{"line":15,"column":2}}],"line":13},"4":{"loc":{"start":{"line":13,"column":5},"end":{"line":13,"column":60}},"type":"binary-expr","locations":[{"start":{"line":13,"column":5},"end":{"line":13,"column":32}},{"start":{"line":13,"column":36},"end":{"line":13,"column":60}}],"line":13}},"s":{"0":9,"1":5,"2":4,"3":4,"4":7,"5":7,"6":2,"7":2,"8":9,"9":5,"10":4,"11":7},"f":{"0":9,"1":9,"2":7},"b":{"0":[5,4],"1":[9,9],"2":[2,5],"3":[5,4],"4":[9,9]},"_coverageSchema":"1a1c01bbd47fc00a2c39e90264f33305004495a9","hash":"f90397718516f86f0657ce211dcfc86736a4bb42"}
,"D:\\js_labs\\practices\\number-01.js": {"path":"D:\\js_labs\\practices\\number-01.js","statementMap":{"0":{"start":{"line":2,"column":1},"end":{"line":4,"column":2}},"1":{"start":{"line":3,"column":2},"end":{"line":3,"column":15}},"2":{"start":{"line":5,"column":16},"end":{"line":5,"column":28}},"3":{"start":{"line":6,"column":1},"end":{"line":10,"column":2}},"4":{"start":{"line":6,"column":14},"end":{"line":6,"column":15}},"5":{"start":{"line":7,"column":2},"end":{"line":9,"column":3}},"6":{"start":{"line":8,"column":3},"end":{"line":8,"column":16}},"7":{"start":{"line":11,"column":1},"end":{"line":11,"column":13}},"8":{"start":{"line":13,"column":0},"end":{"line":13,"column":36}}},"fnMap":{"0":{"name":"isIncreasingNumber","decl":{"start":{"line":1,"column":16},"end":{"line":1,"column":34}},"loc":{"start":{"line":1,"column":38},"end":{"line":12,"column":1}},"line":1}},"branchMap":{"0":{"loc":{"start":{"line":2,"column":1},"end":{"line":4,"column":2}},"type":"if","locations":[{"start":{"line":2,"column":1},"end":{"line":4,"column":2}},{"start":{"line":2,"column":1},"end":{"line":4,"column":2}}],"line":2},"1":{"loc":{"start":{"line":2,"column":5},"end":{"line":2,"column":26}},"type":"binary-expr","locations":[{"start":{"line":2,"column":5},"end":{"line":2,"column":11}},{"start":{"line":2,"column":15},"end":{"line":2,"column":26}}],"line":2},"2":{"loc":{"start":{"line":7,"column":2},"end":{"line":9,"column":3}},"type":"if","locations":[{"start":{"line":7,"column":2},"end":{"line":9,"column":3}},{"start":{"line":7,"column":2},"end":{"line":9,"column":3}}],"line":7}},"s":{"0":27,"1":10,"2":17,"3":17,"4":17,"5":29,"6":11,"7":6,"8":1},"f":{"0":27},"b":{"0":[10,17],"1":[27,17],"2":[11,18]},"_coverageSchema":"1a1c01bbd47fc00a2c39e90264f33305004495a9","hash":"78e5841e6dde863f3ca236278870e071d7ce17d6"}
,"D:\\js_labs\\practices\\string-02.js": {"path":"D:\\js_labs\\practices\\string-02.js","statementMap":{"0":{"start":{"line":2,"column":1},"end":{"line":2,"column":27}},"1":{"start":{"line":2,"column":17},"end":{"line":2,"column":27}},"2":{"start":{"line":3,"column":20},"end":{"line":3,"column":22}},"3":{"start":{"line":4,"column":1},"end":{"line":12,"column":5}},"4":{"start":{"line":5,"column":17},"end":{"line":5,"column":25}},"5":{"start":{"line":7,"column":3},"end":{"line":11,"column":4}},"6":{"start":{"line":8,"column":4},"end":{"line":8,"column":26}},"7":{"start":{"line":10,"column":4},"end":{"line":10,"column":25}},"8":{"start":{"line":13,"column":1},"end":{"line":13,"column":19}},"9":{"start":{"line":17,"column":1},"end":{"line":17,"column":27}},"10":{"start":{"line":17,"column":17},"end":{"line":17,"column":27}},"11":{"start":{"line":18,"column":1},"end":{"line":24,"column":9}},"12":{"start":{"line":20,"column":17},"end":{"line":20,"column":25}},"13":{"start":{"line":22,"column":3},"end":{"line":22,"column":80}},"14":{"start":{"line":23,"column":3},"end":{"line":23,"column":21}}},"fnMap":{"0":{"name":"statisticsWords","decl":{"start":{"line":1,"column":16},"end":{"line":1,"column":31}},"loc":{"start":{"line":1,"column":37},"end":{"line":14,"column":1}},"line":1},"1":{"name":"(anonymous_1)","decl":{"start":{"line":5,"column":10},"end":{"line":5,"column":11}},"loc":{"start":{"line":5,"column":17},"end":{"line":5,"column":25}},"line":5},"2":{"name":"(anonymous_2)","decl":{"start":{"line":6,"column":11},"end":{"line":6,"column":12}},"loc":{"start":{"line":6,"column":21},"end":{"line":12,"column":3}},"line":6},"3":{"name":"statisticsWords2","decl":{"start":{"line":16,"column":16},"end":{"line":16,"column":32}},"loc":{"start":{"line":16,"column":38},"end":{"line":25,"column":1}},"line":16},"4":{"name":"(anonymous_4)","decl":{"start":{"line":20,"column":10},"end":{"line":20,"column":11}},"loc":{"start":{"line":20,"column":17},"end":{"line":20,"column":25}},"line":20},"5":{"name":"(anonymous_5)","decl":{"start":{"line":21,"column":10},"end":{"line":21,"column":11}},"loc":{"start":{"line":21,"column":32},"end":{"line":24,"column":3}},"line":21}},"branchMap":{"0":{"loc":{"start":{"line":2,"column":1},"end":{"line":2,"column":27}},"type":"if","locations":[{"start":{"line":2,"column":1},"end":{"line":2,"column":27}},{"start":{"line":2,"column":1},"end":{"line":2,"column":27}}],"line":2},"1":{"loc":{"start":{"line":7,"column":3},"end":{"line":11,"column":4}},"type":"if","locations":[{"start":{"line":7,"column":3},"end":{"line":11,"column":4}},{"start":{"line":7,"column":3},"end":{"line":11,"column":4}}],"line":7},"2":{"loc":{"start":{"line":17,"column":1},"end":{"line":17,"column":27}},"type":"if","locations":[{"start":{"line":17,"column":1},"end":{"line":17,"column":27}},{"start":{"line":17,"column":1},"end":{"line":17,"column":27}}],"line":17},"3":{"loc":{"start":{"line":22,"column":22},"end":{"line":22,"column":79}},"type":"cond-expr","locations":[{"start":{"line":22,"column":55},"end":{"line":22,"column":75}},{"start":{"line":22,"column":78},"end":{"line":22,"column":79}}],"line":22}},"s":{"0":3,"1":1,"2":2,"3":2,"4":20,"5":10,"6":2,"7":8,"8":2,"9":3,"10":1,"11":2,"12":20,"13":10,"14":10},"f":{"0":3,"1":20,"2":10,"3":3,"4":20,"5":10},"b":{"0":[1,2],"1":[2,8],"2":[1,2],"3":[2,8]},"_coverageSchema":"1a1c01bbd47fc00a2c39e90264f33305004495a9","hash":"46d8f4dbfb5b4d1016e2fc61c7bb8400169d2545"}
,"D:\\js_labs\\practices-pdf\\ArrayCheck_practices\\array-check-01-HasEvenNumberGreaterThanN.js": {"path":"D:\\js_labs\\practices-pdf\\ArrayCheck_practices\\array-check-01-HasEvenNumberGreaterThanN.js","statementMap":{"0":{"start":{"line":2,"column":1},"end":{"line":4,"column":2}},"1":{"start":{"line":3,"column":2},"end":{"line":3,"column":15}},"2":{"start":{"line":5,"column":16},"end":{"line":5,"column":17}},"3":{"start":{"line":6,"column":1},"end":{"line":14,"column":5}},"4":{"start":{"line":8,"column":3},"end":{"line":10,"column":4}},"5":{"start":{"line":9,"column":4},"end":{"line":9,"column":18}},"6":{"start":{"line":13,"column":3},"end":{"line":13,"column":17}},"7":{"start":{"line":15,"column":1},"end":{"line":17,"column":2}},"8":{"start":{"line":16,"column":2},"end":{"line":16,"column":14}},"9":{"start":{"line":18,"column":1},"end":{"line":18,"column":14}},"10":{"start":{"line":21,"column":1},"end":{"line":23,"column":2}},"11":{"start":{"line":22,"column":2},"end":{"line":22,"column":15}},"12":{"start":{"line":24,"column":13},"end":{"line":24,"column":14}},"13":{"start":{"line":25,"column":1},"end":{"line":30,"column":4}},"14":{"start":{"line":26,"column":20},"end":{"line":26,"column":30}},"15":{"start":{"line":27,"column":2},"end":{"line":29,"column":3}},"16":{"start":{"line":28,"column":3},"end":{"line":28,"column":19}},"17":{"start":{"line":31,"column":1},"end":{"line":33,"column":2}},"18":{"start":{"line":32,"column":2},"end":{"line":32,"column":14}},"19":{"start":{"line":34,"column":1},"end":{"line":34,"column":14}}},"fnMap":{"0":{"name":"hasEvenNumberGreaterThanNv2","decl":{"start":{"line":1,"column":16},"end":{"line":1,"column":43}},"loc":{"start":{"line":1,"column":59},"end":{"line":19,"column":1}},"line":1},"1":{"name":"(anonymous_1)","decl":{"start":{"line":7,"column":10},"end":{"line":7,"column":11}},"loc":{"start":{"line":7,"column":22},"end":{"line":11,"column":3}},"line":7},"2":{"name":"(anonymous_2)","decl":{"start":{"line":12,"column":11},"end":{"line":12,"column":12}},"loc":{"start":{"line":12,"column":18},"end":{"line":14,"column":3}},"line":12},"3":{"name":"hasEvenNumberGreaterThanN","decl":{"start":{"line":20,"column":16},"end":{"line":20,"column":41}},"loc":{"start":{"line":20,"column":57},"end":{"line":35,"column":1}},"line":20},"4":{"name":"(anonymous_4)","decl":{"start":{"line":25,"column":20},"end":{"line":25,"column":21}},"loc":{"start":{"line":25,"column":32},"end":{"line":30,"column":2}},"line":25}},"branchMap":{"0":{"loc":{"start":{"line":2,"column":1},"end":{"line":4,"column":2}},"type":"if","locations":[{"start":{"line":2,"column":1},"end":{"line":4,"column":2}},{"start":{"line":2,"column":1},"end":{"line":4,"column":2}}],"line":2},"1":{"loc":{"start":{"line":2,"column":5},"end":{"line":2,"column":65}},"type":"binary-expr","locations":[{"start":{"line":2,"column":5},"end":{"line":2,"column":31}},{"start":{"line":2,"column":35},"end":{"line":2,"column":40}},{"start":{"line":2,"column":44},"end":{"line":2,"column":65}}],"line":2},"2":{"loc":{"start":{"line":8,"column":3},"end":{"line":10,"column":4}},"type":"if","locations":[{"start":{"line":8,"column":3},"end":{"line":10,"column":4}},{"start":{"line":8,"column":3},"end":{"line":10,"column":4}}],"line":8},"3":{"loc":{"start":{"line":8,"column":7},"end":{"line":8,"column":37}},"type":"binary-expr","locations":[{"start":{"line":8,"column":7},"end":{"line":8,"column":23}},{"start":{"line":8,"column":27},"end":{"line":8,"column":37}}],"line":8},"4":{"loc":{"start":{"line":15,"column":1},"end":{"line":17,"column":2}},"type":"if","locations":[{"start":{"line":15,"column":1},"end":{"line":17,"column":2}},{"start":{"line":15,"column":1},"end":{"line":17,"column":2}}],"line":15},"5":{"loc":{"start":{"line":21,"column":1},"end":{"line":23,"column":2}},"type":"if","locations":[{"start":{"line":21,"column":1},"end":{"line":23,"column":2}},{"start":{"line":21,"column":1},"end":{"line":23,"column":2}}],"line":21},"6":{"loc":{"start":{"line":21,"column":5},"end":{"line":21,"column":65}},"type":"binary-expr","locations":[{"start":{"line":21,"column":5},"end":{"line":21,"column":31}},{"start":{"line":21,"column":35},"end":{"line":21,"column":40}},{"start":{"line":21,"column":44},"end":{"line":21,"column":65}}],"line":21},"7":{"loc":{"start":{"line":27,"column":2},"end":{"line":29,"column":3}},"type":"if","locations":[{"start":{"line":27,"column":2},"end":{"line":29,"column":3}},{"start":{"line":27,"column":2},"end":{"line":29,"column":3}}],"line":27},"8":{"loc":{"start":{"line":27,"column":6},"end":{"line":27,"column":35}},"type":"binary-expr","locations":[{"start":{"line":27,"column":6},"end":{"line":27,"column":21}},{"start":{"line":27,"column":25},"end":{"line":27,"column":35}}],"line":27},"9":{"loc":{"start":{"line":31,"column":1},"end":{"line":33,"column":2}},"type":"if","locations":[{"start":{"line":31,"column":1},"end":{"line":33,"column":2}},{"start":{"line":31,"column":1},"end":{"line":33,"column":2}}],"line":31}},"s":{"0":16,"1":8,"2":8,"3":8,"4":30,"5":4,"6":4,"7":8,"8":4,"9":4,"10":16,"11":8,"12":8,"13":8,"14":30,"15":30,"16":4,"17":8,"18":4,"19":4},"f":{"0":16,"1":30,"2":4,"3":16,"4":30},"b":{"0":[8,8],"1":[16,13,13],"2":[4,26],"3":[30,30],"4":[4,4],"5":[8,8],"6":[16,13,13],"7":[4,26],"8":[30,30],"9":[4,4]},"_coverageSchema":"1a1c01bbd47fc00a2c39e90264f33305004495a9","hash":"8e7857de1feef0cf0b01fa052179b085fcb532fe"}
,"D:\\js_labs\\practices-pdf\\ArrayCheck_practices\\array-check-02-HasOddNumberDivisibleBy3.js": {"path":"D:\\js_labs\\practices-pdf\\ArrayCheck_practices\\array-check-02-HasOddNumberDivisibleBy3.js","statementMap":{"0":{"start":{"line":2,"column":1},"end":{"line":4,"column":2}},"1":{"start":{"line":3,"column":2},"end":{"line":3,"column":15}},"2":{"start":{"line":5,"column":19},"end":{"line":5,"column":24}},"3":{"start":{"line":6,"column":22},"end":{"line":6,"column":27}},"4":{"start":{"line":7,"column":1},"end":{"line":14,"column":4}},"5":{"start":{"line":8,"column":2},"end":{"line":10,"column":3}},"6":{"start":{"line":9,"column":3},"end":{"line":9,"column":25}},"7":{"start":{"line":11,"column":2},"end":{"line":13,"column":3}},"8":{"start":{"line":12,"column":3},"end":{"line":12,"column":22}},"9":{"start":{"line":15,"column":1},"end":{"line":17,"column":2}},"10":{"start":{"line":16,"column":2},"end":{"line":16,"column":14}},"11":{"start":{"line":18,"column":1},"end":{"line":18,"column":14}},"12":{"start":{"line":20,"column":0},"end":{"line":20,"column":52}}},"fnMap":{"0":{"name":"hasOddNumberDivisibleBy3","decl":{"start":{"line":1,"column":16},"end":{"line":1,"column":40}},"loc":{"start":{"line":1,"column":53},"end":{"line":19,"column":1}},"line":1},"1":{"name":"(anonymous_1)","decl":{"start":{"line":7,"column":20},"end":{"line":7,"column":21}},"loc":{"start":{"line":7,"column":32},"end":{"line":14,"column":2}},"line":7}},"branchMap":{"0":{"loc":{"start":{"line":2,"column":1},"end":{"line":4,"column":2}},"type":"if","locations":[{"start":{"line":2,"column":1},"end":{"line":4,"column":2}},{"start":{"line":2,"column":1},"end":{"line":4,"column":2}}],"line":2},"1":{"loc":{"start":{"line":2,"column":5},"end":{"line":2,"column":58}},"type":"binary-expr","locations":[{"start":{"line":2,"column":5},"end":{"line":2,"column":31}},{"start":{"line":2,"column":35},"end":{"line":2,"column":58}}],"line":2},"2":{"loc":{"start":{"line":8,"column":2},"end":{"line":10,"column":3}},"type":"if","locations":[{"start":{"line":8,"column":2},"end":{"line":10,"column":3}},{"start":{"line":8,"column":2},"end":{"line":10,"column":3}}],"line":8},"3":{"loc":{"start":{"line":11,"column":2},"end":{"line":13,"column":3}},"type":"if","locations":[{"start":{"line":11,"column":2},"end":{"line":13,"column":3}},{"start":{"line":11,"column":2},"end":{"line":13,"column":3}}],"line":11},"4":{"loc":{"start":{"line":15,"column":1},"end":{"line":17,"column":2}},"type":"if","locations":[{"start":{"line":15,"column":1},"end":{"line":17,"column":2}},{"start":{"line":15,"column":1},"end":{"line":17,"column":2}}],"line":15},"5":{"loc":{"start":{"line":15,"column":5},"end":{"line":15,"column":52}},"type":"binary-expr","locations":[{"start":{"line":15,"column":5},"end":{"line":15,"column":25}},{"start":{"line":15,"column":29},"end":{"line":15,"column":52}}],"line":15}},"s":{"0":15,"1":4,"2":11,"3":11,"4":11,"5":40,"6":14,"7":40,"8":14,"9":11,"10":3,"11":8,"12":1},"f":{"0":15,"1":40},"b":{"0":[4,11],"1":[15,12],"2":[14,26],"3":[14,26],"4":[3,8],"5":[11,6]},"_coverageSchema":"1a1c01bbd47fc00a2c39e90264f33305004495a9","hash":"4b0db6678eefa37db4aed8674b32b11d1a5165d1"}
,"D:\\js_labs\\practices-pdf\\ArrayCheck_practices\\array-check-03-HasEasyFrontend.js": {"path":"D:\\js_labs\\practices-pdf\\ArrayCheck_practices\\array-check-03-HasEasyFrontend.js","statementMap":{"0":{"start":{"line":2,"column":1},"end":{"line":4,"column":2}},"1":{"start":{"line":3,"column":2},"end":{"line":3,"column":15}},"2":{"start":{"line":5,"column":20},"end":{"line":5,"column":50}},"3":{"start":{"line":6,"column":1},"end":{"line":11,"column":2}},"4":{"start":{"line":10,"column":2},"end":{"line":10,"column":14}},"5":{"start":{"line":12,"column":1},"end":{"line":12,"column":14}},"6":{"start":{"line":14,"column":0},"end":{"line":14,"column":68}}},"fnMap":{"0":{"name":"hasEasyFrontend","decl":{"start":{"line":1,"column":16},"end":{"line":1,"column":31}},"loc":{"start":{"line":1,"column":42},"end":{"line":13,"column":1}},"line":1}},"branchMap":{"0":{"loc":{"start":{"line":2,"column":1},"end":{"line":4,"column":2}},"type":"if","locations":[{"start":{"line":2,"column":1},"end":{"line":4,"column":2}},{"start":{"line":2,"column":1},"end":{"line":4,"column":2}}],"line":2},"1":{"loc":{"start":{"line":2,"column":5},"end":{"line":2,"column":54}},"type":"binary-expr","locations":[{"start":{"line":2,"column":5},"end":{"line":2,"column":29}},{"start":{"line":2,"column":33},"end":{"line":2,"column":54}}],"line":2},"2":{"loc":{"start":{"line":6,"column":1},"end":{"line":11,"column":2}},"type":"if","locations":[{"start":{"line":6,"column":1},"end":{"line":11,"column":2}},{"start":{"line":6,"column":1},"end":{"line":11,"column":2}}],"line":6},"3":{"loc":{"start":{"line":7,"column":2},"end":{"line":8,"column":38}},"type":"binary-expr","locations":[{"start":{"line":7,"column":3},"end":{"line":7,"column":30}},{"start":{"line":7,"column":34},"end":{"line":7,"column":65}},{"start":{"line":8,"column":2},"end":{"line":8,"column":38}}],"line":7}},"s":{"0":13,"1":4,"2":9,"3":9,"4":5,"5":4,"6":1},"f":{"0":13},"b":{"0":[4,9],"1":[13,10],"2":[5,4],"3":[9,5,7]},"_coverageSchema":"1a1c01bbd47fc00a2c39e90264f33305004495a9","hash":"9795b8ce675251f93a7fe0ebf7e52dd9eab17bb6"}
,"D:\\js_labs\\practices-pdf\\ArrayCheck_practices\\array-check-04-HasTruthy.js": {"path":"D:\\js_labs\\practices-pdf\\ArrayCheck_practices\\array-check-04-HasTruthy.js","statementMap":{"0":{"start":{"line":2,"column":1},"end":{"line":4,"column":2}},"1":{"start":{"line":3,"column":2},"end":{"line":3,"column":15}},"2":{"start":{"line":5,"column":18},"end":{"line":5,"column":23}},"3":{"start":{"line":6,"column":1},"end":{"line":10,"column":4}},"4":{"start":{"line":7,"column":2},"end":{"line":9,"column":3}},"5":{"start":{"line":8,"column":3},"end":{"line":8,"column":21}},"6":{"start":{"line":11,"column":1},"end":{"line":11,"column":19}}},"fnMap":{"0":{"name":"hasTruthy","decl":{"start":{"line":1,"column":16},"end":{"line":1,"column":25}},"loc":{"start":{"line":1,"column":31},"end":{"line":12,"column":1}},"line":1},"1":{"name":"(anonymous_1)","decl":{"start":{"line":6,"column":13},"end":{"line":6,"column":14}},"loc":{"start":{"line":6,"column":20},"end":{"line":10,"column":2}},"line":6}},"branchMap":{"0":{"loc":{"start":{"line":2,"column":1},"end":{"line":4,"column":2}},"type":"if","locations":[{"start":{"line":2,"column":1},"end":{"line":4,"column":2}},{"start":{"line":2,"column":1},"end":{"line":4,"column":2}}],"line":2},"1":{"loc":{"start":{"line":2,"column":5},"end":{"line":2,"column":44}},"type":"binary-expr","locations":[{"start":{"line":2,"column":5},"end":{"line":2,"column":24}},{"start":{"line":2,"column":28},"end":{"line":2,"column":44}}],"line":2},"2":{"loc":{"start":{"line":7,"column":2},"end":{"line":9,"column":3}},"type":"if","locations":[{"start":{"line":7,"column":2},"end":{"line":9,"column":3}},{"start":{"line":7,"column":2},"end":{"line":9,"column":3}}],"line":7}},"s":{"0":13,"1":4,"2":9,"3":9,"4":20,"5":6,"6":9},"f":{"0":13,"1":20},"b":{"0":[4,9],"1":[13,10],"2":[6,14]},"_coverageSchema":"1a1c01bbd47fc00a2c39e90264f33305004495a9","hash":"143fd2f5c1ae9d063db21d9a5580467f3b01c190"}
,"D:\\js_labs\\practices-pdf\\ArrayCheck_practices\\array-check-05-HasFalsy.js": {"path":"D:\\js_labs\\practices-pdf\\ArrayCheck_practices\\array-check-05-HasFalsy.js","statementMap":{"0":{"start":{"line":2,"column":1},"end":{"line":4,"column":2}},"1":{"start":{"line":3,"column":2},"end":{"line":3,"column":15}},"2":{"start":{"line":5,"column":18},"end":{"line":5,"column":23}},"3":{"start":{"line":6,"column":1},"end":{"line":10,"column":4}},"4":{"start":{"line":7,"column":2},"end":{"line":9,"column":3}},"5":{"start":{"line":8,"column":3},"end":{"line":8,"column":21}},"6":{"start":{"line":11,"column":1},"end":{"line":11,"column":19}}},"fnMap":{"0":{"name":"hasFalsy","decl":{"start":{"line":1,"column":16},"end":{"line":1,"column":24}},"loc":{"start":{"line":1,"column":30},"end":{"line":12,"column":1}},"line":1},"1":{"name":"(anonymous_1)","decl":{"start":{"line":6,"column":13},"end":{"line":6,"column":14}},"loc":{"start":{"line":6,"column":20},"end":{"line":10,"column":2}},"line":6}},"branchMap":{"0":{"loc":{"start":{"line":2,"column":1},"end":{"line":4,"column":2}},"type":"if","locations":[{"start":{"line":2,"column":1},"end":{"line":4,"column":2}},{"start":{"line":2,"column":1},"end":{"line":4,"column":2}}],"line":2},"1":{"loc":{"start":{"line":2,"column":5},"end":{"line":2,"column":44}},"type":"binary-expr","locations":[{"start":{"line":2,"column":5},"end":{"line":2,"column":24}},{"start":{"line":2,"column":28},"end":{"line":2,"column":44}}],"line":2},"2":{"loc":{"start":{"line":7,"column":2},"end":{"line":9,"column":3}},"type":"if","locations":[{"start":{"line":7,"column":2},"end":{"line":9,"column":3}},{"start":{"line":7,"column":2},"end":{"line":9,"column":3}}],"line":7}},"s":{"0":12,"1":4,"2":8,"3":8,"4":19,"5":4,"6":8},"f":{"0":12,"1":19},"b":{"0":[4,8],"1":[12,9],"2":[4,15]},"_coverageSchema":"1a1c01bbd47fc00a2c39e90264f33305004495a9","hash":"681d616bbeee3aaf652210ab290839a959f3f206"}
,"D:\\js_labs\\practices-pdf\\ArrayCheck_practices\\array-check-06-HasStudent.js": {"path":"D:\\js_labs\\practices-pdf\\ArrayCheck_practices\\array-check-06-HasStudent.js","statementMap":{"0":{"start":{"line":2,"column":1},"end":{"line":9,"column":2}},"1":{"start":{"line":8,"column":2},"end":{"line":8,"column":15}},"2":{"start":{"line":10,"column":18},"end":{"line":10,"column":23}},"3":{"start":{"line":11,"column":1},"end":{"line":15,"column":4}},"4":{"start":{"line":12,"column":2},"end":{"line":14,"column":3}},"5":{"start":{"line":13,"column":3},"end":{"line":13,"column":21}},"6":{"start":{"line":16,"column":1},"end":{"line":16,"column":19}}},"fnMap":{"0":{"name":"hasStudent","decl":{"start":{"line":1,"column":16},"end":{"line":1,"column":26}},"loc":{"start":{"line":1,"column":51},"end":{"line":17,"column":1}},"line":1},"1":{"name":"(anonymous_1)","decl":{"start":{"line":11,"column":21},"end":{"line":11,"column":22}},"loc":{"start":{"line":11,"column":34},"end":{"line":15,"column":2}},"line":11}},"branchMap":{"0":{"loc":{"start":{"line":2,"column":1},"end":{"line":9,"column":2}},"type":"if","locations":[{"start":{"line":2,"column":1},"end":{"line":9,"column":2}},{"start":{"line":2,"column":1},"end":{"line":9,"column":2}}],"line":2},"1":{"loc":{"start":{"line":3,"column":2},"end":{"line":6,"column":15}},"type":"binary-expr","locations":[{"start":{"line":3,"column":2},"end":{"line":3,"column":29}},{"start":{"line":4,"column":2},"end":{"line":4,"column":26}},{"start":{"line":5,"column":2},"end":{"line":5,"column":31}},{"start":{"line":6,"column":2},"end":{"line":6,"column":15}}],"line":3},"2":{"loc":{"start":{"line":12,"column":2},"end":{"line":14,"column":3}},"type":"if","locations":[{"start":{"line":12,"column":2},"end":{"line":14,"column":3}},{"start":{"line":12,"column":2},"end":{"line":14,"column":3}}],"line":12}},"s":{"0":11,"1":5,"2":6,"3":6,"4":14,"5":3,"6":6},"f":{"0":11,"1":14},"b":{"0":[5,6],"1":[11,8,6,6],"2":[3,11]},"_coverageSchema":"1a1c01bbd47fc00a2c39e90264f33305004495a9","hash":"3c58f6d62b081e01b299f5633ca15f0889b31a39"}
,"D:\\js_labs\\practices-pdf\\ArrayCheck_practices\\array-check-07-HasAlice.js": {"path":"D:\\js_labs\\practices-pdf\\ArrayCheck_practices\\array-check-07-HasAlice.js","statementMap":{"0":{"start":{"line":2,"column":1},"end":{"line":4,"column":2}},"1":{"start":{"line":3,"column":2},"end":{"line":3,"column":15}},"2":{"start":{"line":5,"column":18},"end":{"line":5,"column":23}},"3":{"start":{"line":6,"column":1},"end":{"line":11,"column":4}},"4":{"start":{"line":7,"column":20},"end":{"line":7,"column":46}},"5":{"start":{"line":8,"column":2},"end":{"line":10,"column":3}},"6":{"start":{"line":9,"column":3},"end":{"line":9,"column":21}},"7":{"start":{"line":12,"column":1},"end":{"line":12,"column":19}}},"fnMap":{"0":{"name":"hasAlice","decl":{"start":{"line":1,"column":16},"end":{"line":1,"column":24}},"loc":{"start":{"line":1,"column":38},"end":{"line":13,"column":1}},"line":1},"1":{"name":"(anonymous_1)","decl":{"start":{"line":6,"column":21},"end":{"line":6,"column":22}},"loc":{"start":{"line":6,"column":34},"end":{"line":11,"column":2}},"line":6}},"branchMap":{"0":{"loc":{"start":{"line":2,"column":1},"end":{"line":4,"column":2}},"type":"if","locations":[{"start":{"line":2,"column":1},"end":{"line":4,"column":2}},{"start":{"line":2,"column":1},"end":{"line":4,"column":2}}],"line":2},"1":{"loc":{"start":{"line":2,"column":5},"end":{"line":2,"column":60}},"type":"binary-expr","locations":[{"start":{"line":2,"column":5},"end":{"line":2,"column":32}},{"start":{"line":2,"column":36},"end":{"line":2,"column":60}}],"line":2},"2":{"loc":{"start":{"line":8,"column":2},"end":{"line":10,"column":3}},"type":"if","locations":[{"start":{"line":8,"column":2},"end":{"line":10,"column":3}},{"start":{"line":8,"column":2},"end":{"line":10,"column":3}}],"line":8},"3":{"loc":{"start":{"line":8,"column":6},"end":{"line":8,"column":58}},"type":"binary-expr","locations":[{"start":{"line":8,"column":6},"end":{"line":8,"column":27}},{"start":{"line":8,"column":31},"end":{"line":8,"column":58}}],"line":8}},"s":{"0":6,"1":4,"2":2,"3":2,"4":6,"5":6,"6":1,"7":2},"f":{"0":6,"1":6},"b":{"0":[4,2],"1":[6,3],"2":[1,5],"3":[6,4]},"_coverageSchema":"1a1c01bbd47fc00a2c39e90264f33305004495a9","hash":"8b76dae472115e9dfa722bd8a6ed9fee68bf547a"}
,"D:\\js_labs\\practices-pdf\\ArrayCheck_practices\\array-check-08-HasFreeShip.js": {"path":"D:\\js_labs\\practices-pdf\\ArrayCheck_practices\\array-check-08-HasFreeShip.js","statementMap":{"0":{"start":{"line":2,"column":1},"end":{"line":9,"column":2}},"1":{"start":{"line":8,"column":2},"end":{"line":8,"column":15}},"2":{"start":{"line":10,"column":18},"end":{"line":10,"column":23}},"3":{"start":{"line":11,"column":20},"end":{"line":11,"column":25}},"4":{"start":{"line":12,"column":1},"end":{"line":20,"column":4}},"5":{"start":{"line":13,"column":23},"end":{"line":13,"column":36}},"6":{"start":{"line":14,"column":2},"end":{"line":16,"column":3}},"7":{"start":{"line":15,"column":3},"end":{"line":15,"column":23}},"8":{"start":{"line":17,"column":2},"end":{"line":19,"column":3}},"9":{"start":{"line":18,"column":3},"end":{"line":18,"column":21}},"10":{"start":{"line":21,"column":1},"end":{"line":23,"column":2}},"11":{"start":{"line":22,"column":2},"end":{"line":22,"column":14}},"12":{"start":{"line":24,"column":1},"end":{"line":24,"column":14}}},"fnMap":{"0":{"name":"hasFreeShip","decl":{"start":{"line":1,"column":16},"end":{"line":1,"column":27}},"loc":{"start":{"line":1,"column":48},"end":{"line":25,"column":1}},"line":1},"1":{"name":"(anonymous_1)","decl":{"start":{"line":12,"column":21},"end":{"line":12,"column":22}},"loc":{"start":{"line":12,"column":34},"end":{"line":20,"column":2}},"line":12}},"branchMap":{"0":{"loc":{"start":{"line":2,"column":1},"end":{"line":9,"column":2}},"type":"if","locations":[{"start":{"line":2,"column":1},"end":{"line":9,"column":2}},{"start":{"line":2,"column":1},"end":{"line":9,"column":2}}],"line":2},"1":{"loc":{"start":{"line":3,"column":2},"end":{"line":6,"column":12}},"type":"binary-expr","locations":[{"start":{"line":3,"column":2},"end":{"line":3,"column":29}},{"start":{"line":4,"column":2},"end":{"line":4,"column":26}},{"start":{"line":5,"column":2},"end":{"line":5,"column":27}},{"start":{"line":6,"column":2},"end":{"line":6,"column":12}}],"line":3},"2":{"loc":{"start":{"line":14,"column":2},"end":{"line":16,"column":3}},"type":"if","locations":[{"start":{"line":14,"column":2},"end":{"line":16,"column":3}},{"start":{"line":14,"column":2},"end":{"line":16,"column":3}}],"line":14},"3":{"loc":{"start":{"line":17,"column":2},"end":{"line":19,"column":3}},"type":"if","locations":[{"start":{"line":17,"column":2},"end":{"line":19,"column":3}},{"start":{"line":17,"column":2},"end":{"line":19,"column":3}}],"line":17},"4":{"loc":{"start":{"line":21,"column":1},"end":{"line":23,"column":2}},"type":"if","locations":[{"start":{"line":21,"column":1},"end":{"line":23,"column":2}},{"start":{"line":21,"column":1},"end":{"line":23,"column":2}}],"line":21},"5":{"loc":{"start":{"line":21,"column":5},"end":{"line":21,"column":49}},"type":"binary-expr","locations":[{"start":{"line":21,"column":5},"end":{"line":21,"column":26}},{"start":{"line":21,"column":30},"end":{"line":21,"column":49}}],"line":21}},"s":{"0":9,"1":6,"2":3,"3":3,"4":3,"5":6,"6":6,"7":2,"8":6,"9":3,"10":3,"11":2,"12":1},"f":{"0":9,"1":6},"b":{"0":[6,3],"1":[9,6,4,4],"2":[2,4],"3":[3,3],"4":[2,1],"5":[3,2]},"_coverageSchema":"1a1c01bbd47fc00a2c39e90264f33305004495a9","hash":"6893aa106cca6a9e5f1d74debff3477a20c301a1"}
,"D:\\js_labs\\practices-pdf\\ArrayCheck_practices\\array-check-09-IsIncreasingNumberList.js": {"path":"D:\\js_labs\\practices-pdf\\ArrayCheck_practices\\array-check-09-IsIncreasingNumberList.js","statementMap":{"0":{"start":{"line":2,"column":1},"end":{"line":4,"column":2}},"1":{"start":{"line":3,"column":2},"end":{"line":3,"column":15}},"2":{"start":{"line":5,"column":18},"end":{"line":5,"column":22}},"3":{"start":{"line":6,"column":1},"end":{"line":10,"column":2}},"4":{"start":{"line":6,"column":14},"end":{"line":6,"column":15}},"5":{"start":{"line":7,"column":2},"end":{"line":9,"column":3}},"6":{"start":{"line":8,"column":3},"end":{"line":8,"column":22}},"7":{"start":{"line":11,"column":1},"end":{"line":11,"column":19}}},"fnMap":{"0":{"name":"isIncreasingNumberList","decl":{"start":{"line":1,"column":16},"end":{"line":1,"column":38}},"loc":{"start":{"line":1,"column":51},"end":{"line":12,"column":1}},"line":1}},"branchMap":{"0":{"loc":{"start":{"line":2,"column":1},"end":{"line":4,"column":2}},"type":"if","locations":[{"start":{"line":2,"column":1},"end":{"line":4,"column":2}},{"start":{"line":2,"column":1},"end":{"line":4,"column":2}}],"line":2},"1":{"loc":{"start":{"line":2,"column":5},"end":{"line":2,"column":56}},"type":"binary-expr","locations":[{"start":{"line":2,"column":5},"end":{"line":2,"column":31}},{"start":{"line":2,"column":35},"end":{"line":2,"column":56}}],"line":2},"2":{"loc":{"start":{"line":7,"column":2},"end":{"line":9,"column":3}},"type":"if","locations":[{"start":{"line":7,"column":2},"end":{"line":9,"column":3}},{"start":{"line":7,"column":2},"end":{"line":9,"column":3}}],"line":7}},"s":{"0":16,"1":8,"2":8,"3":8,"4":8,"5":20,"6":5,"7":8},"f":{"0":16},"b":{"0":[8,8],"1":[16,13],"2":[5,15]},"_coverageSchema":"1a1c01bbd47fc00a2c39e90264f33305004495a9","hash":"934114dba5328fb875368f8035e33458bb9ea9d6"}
,"D:\\js_labs\\practices-pdf\\ArrayCheck_practices\\array-check-10-IsIncreasingNumberList.js": {"path":"D:\\js_labs\\practices-pdf\\ArrayCheck_practices\\array-check-10-IsIncreasingNumberList.js","statementMap":{"0":{"start":{"line":2,"column":1},"end":{"line":4,"column":2}},"1":{"start":{"line":3,"column":2},"end":{"line":3,"column":15}},"2":{"start":{"line":5,"column":18},"end":{"line":5,"column":22}},"3":{"start":{"line":6,"column":1},"end":{"line":10,"column":2}},"4":{"start":{"line":6,"column":14},"end":{"line":6,"column":15}},"5":{"start":{"line":7,"column":2},"end":{"line":9,"column":3}},"6":{"start":{"line":8,"column":3},"end":{"line":8,"column":22}},"7":{"start":{"line":11,"column":1},"end":{"line":11,"column":19}}},"fnMap":{"0":{"name":"isIncreasingNumberList","decl":{"start":{"line":1,"column":16},"end":{"line":1,"column":38}},"loc":{"start":{"line":1,"column":51},"end":{"line":12,"column":1}},"line":1}},"branchMap":{"0":{"loc":{"start":{"line":2,"column":1},"end":{"line":4,"column":2}},"type":"if","locations":[{"start":{"line":2,"column":1},"end":{"line":4,"column":2}},{"start":{"line":2,"column":1},"end":{"line":4,"column":2}}],"line":2},"1":{"loc":{"start":{"line":2,"column":5},"end":{"line":2,"column":56}},"type":"binary-expr","locations":[{"start":{"line":2,"column":5},"end":{"line":2,"column":31}},{"start":{"line":2,"column":35},"end":{"line":2,"column":56}}],"line":2},"2":{"loc":{"start":{"line":7,"column":2},"end":{"line":9,"column":3}},"type":"if","locations":[{"start":{"line":7,"column":2},"end":{"line":9,"column":3}},{"start":{"line":7,"column":2},"end":{"line":9,"column":3}}],"line":7}},"s":{"0":16,"1":8,"2":8,"3":8,"4":8,"5":20,"6":8,"7":8},"f":{"0":16},"b":{"0":[8,8],"1":[16,13],"2":[8,12]},"_coverageSchema":"1a1c01bbd47fc00a2c39e90264f33305004495a9","hash":"3fa01f54126236588595aca76f35c1d6a221fbfc"}
,"D:\\js_labs\\practices-pdf\\ArrayCheck_practices\\array-check-11-IsSymmetricList.js": {"path":"D:\\js_labs\\practices-pdf\\ArrayCheck_practices\\array-check-11-IsSymmetricList.js","statementMap":{"0":{"start":{"line":2,"column":1},"end":{"line":4,"column":2}},"1":{"start":{"line":3,"column":2},"end":{"line":3,"column":15}},"2":{"start":{"line":5,"column":18},"end":{"line":5,"column":23}},"3":{"start":{"line":6,"column":20},"end":{"line":6,"column":21}},"4":{"start":{"line":7,"column":20},"end":{"line":7,"column":21}},"5":{"start":{"line":8,"column":1},"end":{"line":11,"column":2}},"6":{"start":{"line":8,"column":14},"end":{"line":8,"column":15}},"7":{"start":{"line":9,"column":2},"end":{"line":9,"column":36}},"8":{"start":{"line":10,"column":2},"end":{"line":10,"column":36}},"9":{"start":{"line":12,"column":1},"end":{"line":14,"column":2}},"10":{"start":{"line":13,"column":2},"end":{"line":13,"column":20}},"11":{"start":{"line":15,"column":1},"end":{"line":15,"column":19}}},"fnMap":{"0":{"name":"isSymmetricList","decl":{"start":{"line":1,"column":16},"end":{"line":1,"column":31}},"loc":{"start":{"line":1,"column":44},"end":{"line":16,"column":1}},"line":1}},"branchMap":{"0":{"loc":{"start":{"line":2,"column":1},"end":{"line":4,"column":2}},"type":"if","locations":[{"start":{"line":2,"column":1},"end":{"line":4,"column":2}},{"start":{"line":2,"column":1},"end":{"line":4,"column":2}}],"line":2},"1":{"loc":{"start":{"line":2,"column":5},"end":{"line":2,"column":58}},"type":"binary-expr","locations":[{"start":{"line":2,"column":5},"end":{"line":2,"column":31}},{"start":{"line":2,"column":35},"end":{"line":2,"column":58}}],"line":2},"2":{"loc":{"start":{"line":12,"column":1},"end":{"line":14,"column":2}},"type":"if","locations":[{"start":{"line":12,"column":1},"end":{"line":14,"column":2}},{"start":{"line":12,"column":1},"end":{"line":14,"column":2}}],"line":12}},"s":{"0":12,"1":4,"2":8,"3":8,"4":8,"5":8,"6":8,"7":12,"8":12,"9":8,"10":4,"11":8},"f":{"0":12},"b":{"0":[4,8],"1":[12,9],"2":[4,4]},"_coverageSchema":"1a1c01bbd47fc00a2c39e90264f33305004495a9","hash":"28b159b72eb30ab465ac0cbe72698857a176bd12"}
,"D:\\js_labs\\practices-pdf\\ArrayCheck_practices\\array-check-12-HasFibonaciNumber.js": {"path":"D:\\js_labs\\practices-pdf\\ArrayCheck_practices\\array-check-12-HasFibonaciNumber.js","statementMap":{"0":{"start":{"line":2,"column":1},"end":{"line":4,"column":2}},"1":{"start":{"line":3,"column":2},"end":{"line":3,"column":15}},"2":{"start":{"line":5,"column":18},"end":{"line":5,"column":23}},"3":{"start":{"line":6,"column":14},"end":{"line":6,"column":17}},"4":{"start":{"line":7,"column":11},"end":{"line":7,"column":12}},"5":{"start":{"line":8,"column":1},"end":{"line":8,"column":18}},"6":{"start":{"line":9,"column":1},"end":{"line":14,"column":2}},"7":{"start":{"line":9,"column":14},"end":{"line":9,"column":15}},"8":{"start":{"line":10,"column":2},"end":{"line":13,"column":3}},"9":{"start":{"line":11,"column":21},"end":{"line":11,"column":74}},"10":{"start":{"line":12,"column":3},"end":{"line":12,"column":28}},"11":{"start":{"line":15,"column":1},"end":{"line":19,"column":4}},"12":{"start":{"line":16,"column":2},"end":{"line":18,"column":3}},"13":{"start":{"line":17,"column":3},"end":{"line":17,"column":21}},"14":{"start":{"line":20,"column":1},"end":{"line":20,"column":19}}},"fnMap":{"0":{"name":"hasFibonaciNumber","decl":{"start":{"line":1,"column":16},"end":{"line":1,"column":33}},"loc":{"start":{"line":1,"column":46},"end":{"line":21,"column":1}},"line":1},"1":{"name":"(anonymous_1)","decl":{"start":{"line":15,"column":16},"end":{"line":15,"column":17}},"loc":{"start":{"line":15,"column":28},"end":{"line":19,"column":2}},"line":15}},"branchMap":{"0":{"loc":{"start":{"line":2,"column":1},"end":{"line":4,"column":2}},"type":"if","locations":[{"start":{"line":2,"column":1},"end":{"line":4,"column":2}},{"start":{"line":2,"column":1},"end":{"line":4,"column":2}}],"line":2},"1":{"loc":{"start":{"line":2,"column":5},"end":{"line":2,"column":85}},"type":"binary-expr","locations":[{"start":{"line":2,"column":5},"end":{"line":2,"column":31}},{"start":{"line":2,"column":35},"end":{"line":2,"column":58}},{"start":{"line":2,"column":62},"end":{"line":2,"column":85}}],"line":2},"2":{"loc":{"start":{"line":10,"column":2},"end":{"line":13,"column":3}},"type":"if","locations":[{"start":{"line":10,"column":2},"end":{"line":13,"column":3}},{"start":{"line":10,"column":2},"end":{"line":13,"column":3}}],"line":10},"3":{"loc":{"start":{"line":16,"column":2},"end":{"line":18,"column":3}},"type":"if","locations":[{"start":{"line":16,"column":2},"end":{"line":18,"column":3}},{"start":{"line":16,"column":2},"end":{"line":18,"column":3}}],"line":16}},"s":{"0":14,"1":5,"2":9,"3":9,"4":9,"5":9,"6":9,"7":9,"8":117,"9":90,"10":90,"11":9,"12":108,"13":11,"14":9},"f":{"0":14,"1":108},"b":{"0":[5,9],"1":[14,10,9],"2":[90,27],"3":[11,97]},"_coverageSchema":"1a1c01bbd47fc00a2c39e90264f33305004495a9","hash":"e49e3a4d970b6aafd30bc0eb3aea353c3fe4bdc8"}
,"D:\\js_labs\\practices-pdf\\ArrayFind_practices\\array-find-01-FindMinPositive.js": {"path":"D:\\js_labs\\practices-pdf\\ArrayFind_practices\\array-find-01-FindMinPositive.js","statementMap":{"0":{"start":{"line":2,"column":1},"end":{"line":4,"column":2}},"1":{"start":{"line":3,"column":2},"end":{"line":3,"column":19}},"2":{"start":{"line":5,"column":18},"end":{"line":5,"column":19}},"3":{"start":{"line":6,"column":15},"end":{"line":6,"column":17}},"4":{"start":{"line":7,"column":1},"end":{"line":14,"column":4}},"5":{"start":{"line":8,"column":2},"end":{"line":10,"column":3}},"6":{"start":{"line":9,"column":3},"end":{"line":9,"column":24}},"7":{"start":{"line":11,"column":2},"end":{"line":13,"column":3}},"8":{"start":{"line":12,"column":3},"end":{"line":12,"column":26}},"9":{"start":{"line":15,"column":1},"end":{"line":17,"column":4}},"10":{"start":{"line":16,"column":2},"end":{"line":16,"column":15}},"11":{"start":{"line":18,"column":1},"end":{"line":18,"column":25}},"12":{"start":{"line":19,"column":1},"end":{"line":19,"column":19}}},"fnMap":{"0":{"name":"findMinPositive","decl":{"start":{"line":1,"column":16},"end":{"line":1,"column":31}},"loc":{"start":{"line":1,"column":44},"end":{"line":20,"column":1}},"line":1},"1":{"name":"(anonymous_1)","decl":{"start":{"line":7,"column":20},"end":{"line":7,"column":21}},"loc":{"start":{"line":7,"column":32},"end":{"line":14,"column":2}},"line":7},"2":{"name":"(anonymous_2)","decl":{"start":{"line":15,"column":14},"end":{"line":15,"column":15}},"loc":{"start":{"line":15,"column":30},"end":{"line":17,"column":2}},"line":15}},"branchMap":{"0":{"loc":{"start":{"line":2,"column":1},"end":{"line":4,"column":2}},"type":"if","locations":[{"start":{"line":2,"column":1},"end":{"line":4,"column":2}},{"start":{"line":2,"column":1},"end":{"line":4,"column":2}}],"line":2},"1":{"loc":{"start":{"line":2,"column":5},"end":{"line":2,"column":58}},"type":"binary-expr","locations":[{"start":{"line":2,"column":5},"end":{"line":2,"column":31}},{"start":{"line":2,"column":35},"end":{"line":2,"column":58}}],"line":2},"2":{"loc":{"start":{"line":8,"column":2},"end":{"line":10,"column":3}},"type":"if","locations":[{"start":{"line":8,"column":2},"end":{"line":10,"column":3}},{"start":{"line":8,"column":2},"end":{"line":10,"column":3}}],"line":8},"3":{"loc":{"start":{"line":8,"column":6},"end":{"line":8,"column":47}},"type":"binary-expr","locations":[{"start":{"line":8,"column":6},"end":{"line":8,"column":17}},{"start":{"line":8,"column":21},"end":{"line":8,"column":47}}],"line":8},"4":{"loc":{"start":{"line":11,"column":2},"end":{"line":13,"column":3}},"type":"if","locations":[{"start":{"line":11,"column":2},"end":{"line":13,"column":3}},{"start":{"line":11,"column":2},"end":{"line":13,"column":3}}],"line":11},"5":{"loc":{"start":{"line":11,"column":6},"end":{"line":11,"column":46}},"type":"binary-expr","locations":[{"start":{"line":11,"column":6},"end":{"line":11,"column":16}},{"start":{"line":11,"column":20},"end":{"line":11,"column":46}}],"line":11}},"s":{"0":12,"1":4,"2":8,"3":8,"4":8,"5":24,"6":12,"7":24,"8":12,"9":8,"10":11,"11":8,"12":8},"f":{"0":12,"1":24,"2":11},"b":{"0":[4,8],"1":[12,9],"2":[12,12],"3":[24,13],"4":[12,12],"5":[24,16]},"_coverageSchema":"1a1c01bbd47fc00a2c39e90264f33305004495a9","hash":"4e3a02e1d31b3b99e62581fec761aa3bac1ff911"}
,"D:\\js_labs\\practices-pdf\\ArrayFind_practices\\array-find-02-FindLongestWord.js": {"path":"D:\\js_labs\\practices-pdf\\ArrayFind_practices\\array-find-02-FindLongestWord.js","statementMap":{"0":{"start":{"line":2,"column":1},"end":{"line":4,"column":2}},"1":{"start":{"line":3,"column":2},"end":{"line":3,"column":12}},"2":{"start":{"line":5,"column":18},"end":{"line":5,"column":20}},"3":{"start":{"line":6,"column":14},"end":{"line":6,"column":16}},"4":{"start":{"line":7,"column":1},"end":{"line":16,"column":2}},"5":{"start":{"line":7,"column":14},"end":{"line":7,"column":15}},"6":{"start":{"line":8,"column":22},"end":{"line":8,"column":53}},"7":{"start":{"line":9,"column":21},"end":{"line":9,"column":73}},"8":{"start":{"line":10,"column":2},"end":{"line":12,"column":3}},"9":{"start":{"line":11,"column":3},"end":{"line":11,"column":19}},"10":{"start":{"line":13,"column":2},"end":{"line":15,"column":3}},"11":{"start":{"line":14,"column":3},"end":{"line":14,"column":28}},"12":{"start":{"line":17,"column":1},"end":{"line":19,"column":2}},"13":{"start":{"line":18,"column":2},"end":{"line":18,"column":18}},"14":{"start":{"line":20,"column":1},"end":{"line":23,"column":2}},"15":{"start":{"line":21,"column":21},"end":{"line":21,"column":34}},"16":{"start":{"line":22,"column":2},"end":{"line":22,"column":49}},"17":{"start":{"line":24,"column":1},"end":{"line":24,"column":19}}},"fnMap":{"0":{"name":"findLongestWord","decl":{"start":{"line":1,"column":16},"end":{"line":1,"column":31}},"loc":{"start":{"line":1,"column":42},"end":{"line":25,"column":1}},"line":1}},"branchMap":{"0":{"loc":{"start":{"line":2,"column":1},"end":{"line":4,"column":2}},"type":"if","locations":[{"start":{"line":2,"column":1},"end":{"line":4,"column":2}},{"start":{"line":2,"column":1},"end":{"line":4,"column":2}}],"line":2},"1":{"loc":{"start":{"line":2,"column":5},"end":{"line":2,"column":54}},"type":"binary-expr","locations":[{"start":{"line":2,"column":5},"end":{"line":2,"column":29}},{"start":{"line":2,"column":33},"end":{"line":2,"column":54}}],"line":2},"2":{"loc":{"start":{"line":10,"column":2},"end":{"line":12,"column":3}},"type":"if","locations":[{"start":{"line":10,"column":2},"end":{"line":12,"column":3}},{"start":{"line":10,"column":2},"end":{"line":12,"column":3}}],"line":10},"3":{"loc":{"start":{"line":13,"column":2},"end":{"line":15,"column":3}},"type":"if","locations":[{"start":{"line":13,"column":2},"end":{"line":15,"column":3}},{"start":{"line":13,"column":2},"end":{"line":15,"column":3}}],"line":13},"4":{"loc":{"start":{"line":13,"column":6},"end":{"line":13,"column":74}},"type":"binary-expr","locations":[{"start":{"line":13,"column":6},"end":{"line":13,"column":29}},{"start":{"line":13,"column":33},"end":{"line":13,"column":52}},{"start":{"line":13,"column":56},"end":{"line":13,"column":74}}],"line":13},"5":{"loc":{"start":{"line":17,"column":1},"end":{"line":19,"column":2}},"type":"if","locations":[{"start":{"line":17,"column":1},"end":{"line":19,"column":2}},{"start":{"line":17,"column":1},"end":{"line":19,"column":2}}],"line":17},"6":{"loc":{"start":{"line":20,"column":1},"end":{"line":23,"column":2}},"type":"if","locations":[{"start":{"line":20,"column":1},"end":{"line":23,"column":2}},{"start":{"line":20,"column":1},"end":{"line":23,"column":2}}],"line":20}},"s":{"0":11,"1":5,"2":6,"3":6,"4":6,"5":6,"6":16,"7":16,"8":16,"9":4,"10":16,"11":5,"12":6,"13":3,"14":6,"15":3,"16":3,"17":6},"f":{"0":11},"b":{"0":[5,6],"1":[11,7],"2":[4,12],"3":[5,11],"4":[16,10,6],"5":[3,3],"6":[3,3]},"_coverageSchema":"1a1c01bbd47fc00a2c39e90264f33305004495a9","hash":"6cd246af046585c567d2cc930625951ad93eef23"}
,"D:\\js_labs\\practices-pdf\\ArrayFind_practices\\array-find-03-FindFirstPositiveEven.js": {"path":"D:\\js_labs\\practices-pdf\\ArrayFind_practices\\array-find-03-FindFirstPositiveEven.js","statementMap":{"0":{"start":{"line":2,"column":1},"end":{"line":4,"column":2}},"1":{"start":{"line":3,"column":2},"end":{"line":3,"column":19}},"2":{"start":{"line":5,"column":18},"end":{"line":5,"column":27}},"3":{"start":{"line":6,"column":14},"end":{"line":6,"column":16}},"4":{"start":{"line":7,"column":1},"end":{"line":14,"column":2}},"5":{"start":{"line":7,"column":14},"end":{"line":7,"column":15}},"6":{"start":{"line":8,"column":2},"end":{"line":10,"column":3}},"7":{"start":{"line":9,"column":3},"end":{"line":9,"column":26}},"8":{"start":{"line":11,"column":2},"end":{"line":13,"column":3}},"9":{"start":{"line":12,"column":3},"end":{"line":12,"column":30}},"10":{"start":{"line":15,"column":1},"end":{"line":17,"column":2}},"11":{"start":{"line":16,"column":2},"end":{"line":16,"column":20}},"12":{"start":{"line":18,"column":1},"end":{"line":18,"column":18}},"13":{"start":{"line":20,"column":0},"end":{"line":20,"column":48}}},"fnMap":{"0":{"name":"findFirstPositiveEven","decl":{"start":{"line":1,"column":16},"end":{"line":1,"column":37}},"loc":{"start":{"line":1,"column":50},"end":{"line":19,"column":1}},"line":1}},"branchMap":{"0":{"loc":{"start":{"line":2,"column":1},"end":{"line":4,"column":2}},"type":"if","locations":[{"start":{"line":2,"column":1},"end":{"line":4,"column":2}},{"start":{"line":2,"column":1},"end":{"line":4,"column":2}}],"line":2},"1":{"loc":{"start":{"line":2,"column":5},"end":{"line":2,"column":58}},"type":"binary-expr","locations":[{"start":{"line":2,"column":5},"end":{"line":2,"column":31}},{"start":{"line":2,"column":35},"end":{"line":2,"column":58}}],"line":2},"2":{"loc":{"start":{"line":8,"column":2},"end":{"line":10,"column":3}},"type":"if","locations":[{"start":{"line":8,"column":2},"end":{"line":10,"column":3}},{"start":{"line":8,"column":2},"end":{"line":10,"column":3}}],"line":8},"3":{"loc":{"start":{"line":8,"column":6},"end":{"line":8,"column":48}},"type":"binary-expr","locations":[{"start":{"line":8,"column":6},"end":{"line":8,"column":24}},{"start":{"line":8,"column":28},"end":{"line":8,"column":48}}],"line":8},"4":{"loc":{"start":{"line":11,"column":2},"end":{"line":13,"column":3}},"type":"if","locations":[{"start":{"line":11,"column":2},"end":{"line":13,"column":3}},{"start":{"line":11,"column":2},"end":{"line":13,"column":3}}],"line":11},"5":{"loc":{"start":{"line":11,"column":6},"end":{"line":11,"column":50}},"type":"binary-expr","locations":[{"start":{"line":11,"column":6},"end":{"line":11,"column":23}},{"start":{"line":11,"column":27},"end":{"line":11,"column":50}}],"line":11},"6":{"loc":{"start":{"line":15,"column":1},"end":{"line":17,"column":2}},"type":"if","locations":[{"start":{"line":15,"column":1},"end":{"line":17,"column":2}},{"start":{"line":15,"column":1},"end":{"line":17,"column":2}}],"line":15}},"s":{"0":11,"1":4,"2":7,"3":7,"4":7,"5":7,"6":21,"7":4,"8":21,"9":4,"10":7,"11":4,"12":3,"13":1},"f":{"0":11},"b":{"0":[4,7],"1":[11,8],"2":[4,17],"3":[21,17],"4":[4,17],"5":[21,17],"6":[4,3]},"_coverageSchema":"1a1c01bbd47fc00a2c39e90264f33305004495a9","hash":"f021861e609d04de2903850cd09f2d311e228b02"}
,"D:\\js_labs\\practices-pdf\\ArrayFind_practices\\array-find-04-FindLastNegativeOdd.js": {"path":"D:\\js_labs\\practices-pdf\\ArrayFind_practices\\array-find-04-FindLastNegativeOdd.js","statementMap":{"0":{"start":{"line":2,"column":1},"end":{"line":4,"column":2}},"1":{"start":{"line":3,"column":2},"end":{"line":3,"column":19}},"2":{"start":{"line":5,"column":18},"end":{"line":5,"column":19}},"3":{"start":{"line":6,"column":14},"end":{"line":6,"column":16}},"4":{"start":{"line":7,"column":1},"end":{"line":14,"column":4}},"5":{"start":{"line":8,"column":2},"end":{"line":10,"column":3}},"6":{"start":{"line":9,"column":3},"end":{"line":9,"column":26}},"7":{"start":{"line":11,"column":2},"end":{"line":13,"column":3}},"8":{"start":{"line":12,"column":3},"end":{"line":12,"column":23}},"9":{"start":{"line":15,"column":1},"end":{"line":17,"column":2}},"10":{"start":{"line":16,"column":2},"end":{"line":16,"column":20}},"11":{"start":{"line":18,"column":1},"end":{"line":18,"column":34}}},"fnMap":{"0":{"name":"findLastNegativeOdd","decl":{"start":{"line":1,"column":16},"end":{"line":1,"column":35}},"loc":{"start":{"line":1,"column":48},"end":{"line":19,"column":1}},"line":1},"1":{"name":"(anonymous_1)","decl":{"start":{"line":7,"column":20},"end":{"line":7,"column":21}},"loc":{"start":{"line":7,"column":32},"end":{"line":14,"column":2}},"line":7}},"branchMap":{"0":{"loc":{"start":{"line":2,"column":1},"end":{"line":4,"column":2}},"type":"if","locations":[{"start":{"line":2,"column":1},"end":{"line":4,"column":2}},{"start":{"line":2,"column":1},"end":{"line":4,"column":2}}],"line":2},"1":{"loc":{"start":{"line":2,"column":5},"end":{"line":2,"column":58}},"type":"binary-expr","locations":[{"start":{"line":2,"column":5},"end":{"line":2,"column":31}},{"start":{"line":2,"column":35},"end":{"line":2,"column":58}}],"line":2},"2":{"loc":{"start":{"line":8,"column":2},"end":{"line":10,"column":3}},"type":"if","locations":[{"start":{"line":8,"column":2},"end":{"line":10,"column":3}},{"start":{"line":8,"column":2},"end":{"line":10,"column":3}}],"line":8},"3":{"loc":{"start":{"line":11,"column":2},"end":{"line":13,"column":3}},"type":"if","locations":[{"start":{"line":11,"column":2},"end":{"line":13,"column":3}},{"start":{"line":11,"column":2},"end":{"line":13,"column":3}}],"line":11},"4":{"loc":{"start":{"line":15,"column":1},"end":{"line":17,"column":2}},"type":"if","locations":[{"start":{"line":15,"column":1},"end":{"line":17,"column":2}},{"start":{"line":15,"column":1},"end":{"line":17,"column":2}}],"line":15}},"s":{"0":10,"1":4,"2":6,"3":6,"4":6,"5":18,"6":11,"7":18,"8":5,"9":6,"10":3,"11":3},"f":{"0":10,"1":18},"b":{"0":[4,6],"1":[10,7],"2":[11,7],"3":[5,13],"4":[3,3]},"_coverageSchema":"1a1c01bbd47fc00a2c39e90264f33305004495a9","hash":"8ea89719fc5d2e3a180c0252f3899bb29d9786e5"}
,"D:\\js_labs\\practices-pdf\\ArrayFind_practices\\array-find-05-FindSecondLargestNumber.js": {"path":"D:\\js_labs\\practices-pdf\\ArrayFind_practices\\array-find-05-FindSecondLargestNumber.js","statementMap":{"0":{"start":{"line":2,"column":1},"end":{"line":4,"column":2}},"1":{"start":{"line":3,"column":2},"end":{"line":3,"column":19}},"2":{"start":{"line":5,"column":1},"end":{"line":5,"column":19}},"3":{"start":{"line":6,"column":1},"end":{"line":6,"column":42}}},"fnMap":{"0":{"name":"findSecondLargestNumber","decl":{"start":{"line":1,"column":16},"end":{"line":1,"column":39}},"loc":{"start":{"line":1,"column":52},"end":{"line":7,"column":1}},"line":1}},"branchMap":{"0":{"loc":{"start":{"line":2,"column":1},"end":{"line":4,"column":2}},"type":"if","locations":[{"start":{"line":2,"column":1},"end":{"line":4,"column":2}},{"start":{"line":2,"column":1},"end":{"line":4,"column":2}}],"line":2},"1":{"loc":{"start":{"line":2,"column":5},"end":{"line":2,"column":85}},"type":"binary-expr","locations":[{"start":{"line":2,"column":5},"end":{"line":2,"column":31}},{"start":{"line":2,"column":35},"end":{"line":2,"column":58}},{"start":{"line":2,"column":62},"end":{"line":2,"column":85}}],"line":2}},"s":{"0":12,"1":8,"2":4,"3":4},"f":{"0":12},"b":{"0":[8,4],"1":[12,9,8]},"_coverageSchema":"1a1c01bbd47fc00a2c39e90264f33305004495a9","hash":"3223b3032e36dca4a3c275511d5a053cd409695f"}
,"D:\\js_labs\\practices-pdf\\ArrayFind_practices\\array-find-06-FindLastPerfectSquare.js": {"path":"D:\\js_labs\\practices-pdf\\ArrayFind_practices\\array-find-06-FindLastPerfectSquare.js","statementMap":{"0":{"start":{"line":2,"column":1},"end":{"line":4,"column":2}},"1":{"start":{"line":3,"column":2},"end":{"line":3,"column":19}},"2":{"start":{"line":5,"column":11},"end":{"line":5,"column":12}},"3":{"start":{"line":6,"column":14},"end":{"line":6,"column":16}},"4":{"start":{"line":7,"column":1},"end":{"line":11,"column":4}},"5":{"start":{"line":8,"column":2},"end":{"line":10,"column":3}},"6":{"start":{"line":9,"column":3},"end":{"line":9,"column":23}},"7":{"start":{"line":12,"column":1},"end":{"line":12,"column":33}},"8":{"start":{"line":13,"column":1},"end":{"line":13,"column":12}}},"fnMap":{"0":{"name":"findLastPerfectSquare","decl":{"start":{"line":1,"column":16},"end":{"line":1,"column":37}},"loc":{"start":{"line":1,"column":50},"end":{"line":14,"column":1}},"line":1},"1":{"name":"(anonymous_1)","decl":{"start":{"line":7,"column":20},"end":{"line":7,"column":21}},"loc":{"start":{"line":7,"column":32},"end":{"line":11,"column":2}},"line":7}},"branchMap":{"0":{"loc":{"start":{"line":2,"column":1},"end":{"line":4,"column":2}},"type":"if","locations":[{"start":{"line":2,"column":1},"end":{"line":4,"column":2}},{"start":{"line":2,"column":1},"end":{"line":4,"column":2}}],"line":2},"1":{"loc":{"start":{"line":2,"column":5},"end":{"line":2,"column":58}},"type":"binary-expr","locations":[{"start":{"line":2,"column":5},"end":{"line":2,"column":31}},{"start":{"line":2,"column":35},"end":{"line":2,"column":58}}],"line":2},"2":{"loc":{"start":{"line":8,"column":2},"end":{"line":10,"column":3}},"type":"if","locations":[{"start":{"line":8,"column":2},"end":{"line":10,"column":3}},{"start":{"line":8,"column":2},"end":{"line":10,"column":3}}],"line":8}},"s":{"0":12,"1":4,"2":8,"3":8,"4":8,"5":28,"6":11,"7":8,"8":8},"f":{"0":12,"1":28},"b":{"0":[4,8],"1":[12,9],"2":[11,17]},"_coverageSchema":"1a1c01bbd47fc00a2c39e90264f33305004495a9","hash":"a01ae10116e46cf24a414a40c820794e08ecf32a"}
,"D:\\js_labs\\practices-pdf\\ArrayFind_practices\\array-find-07-FindFirstEmail.js": {"path":"D:\\js_labs\\practices-pdf\\ArrayFind_practices\\array-find-07-FindFirstEmail.js","statementMap":{"0":{"start":{"line":2,"column":1},"end":{"line":4,"column":2}},"1":{"start":{"line":3,"column":2},"end":{"line":3,"column":19}},"2":{"start":{"line":5,"column":16},"end":{"line":5,"column":18}},"3":{"start":{"line":6,"column":18},"end":{"line":6,"column":27}},"4":{"start":{"line":7,"column":1},"end":{"line":15,"column":5}},"5":{"start":{"line":8,"column":17},"end":{"line":8,"column":63}},"6":{"start":{"line":10,"column":23},"end":{"line":10,"column":53}},"7":{"start":{"line":11,"column":22},"end":{"line":11,"column":71}},"8":{"start":{"line":12,"column":3},"end":{"line":14,"column":4}},"9":{"start":{"line":13,"column":4},"end":{"line":13,"column":19}},"10":{"start":{"line":16,"column":1},"end":{"line":18,"column":2}},"11":{"start":{"line":17,"column":2},"end":{"line":17,"column":20}},"12":{"start":{"line":19,"column":1},"end":{"line":21,"column":2}},"13":{"start":{"line":20,"column":2},"end":{"line":20,"column":18}},"14":{"start":{"line":23,"column":0},"end":{"line":23,"column":45}}},"fnMap":{"0":{"name":"findFirstEmail","decl":{"start":{"line":1,"column":16},"end":{"line":1,"column":30}},"loc":{"start":{"line":1,"column":40},"end":{"line":22,"column":1}},"line":1},"1":{"name":"(anonymous_1)","decl":{"start":{"line":8,"column":10},"end":{"line":8,"column":11}},"loc":{"start":{"line":8,"column":17},"end":{"line":8,"column":63}},"line":8},"2":{"name":"(anonymous_2)","decl":{"start":{"line":9,"column":11},"end":{"line":9,"column":12}},"loc":{"start":{"line":9,"column":20},"end":{"line":15,"column":3}},"line":9}},"branchMap":{"0":{"loc":{"start":{"line":2,"column":1},"end":{"line":4,"column":2}},"type":"if","locations":[{"start":{"line":2,"column":1},"end":{"line":4,"column":2}},{"start":{"line":2,"column":1},"end":{"line":4,"column":2}}],"line":2},"1":{"loc":{"start":{"line":2,"column":5},"end":{"line":2,"column":52}},"type":"binary-expr","locations":[{"start":{"line":2,"column":5},"end":{"line":2,"column":28}},{"start":{"line":2,"column":32},"end":{"line":2,"column":52}}],"line":2},"2":{"loc":{"start":{"line":8,"column":17},"end":{"line":8,"column":63}},"type":"binary-expr","locations":[{"start":{"line":8,"column":17},"end":{"line":8,"column":38}},{"start":{"line":8,"column":42},"end":{"line":8,"column":63}}],"line":8},"3":{"loc":{"start":{"line":12,"column":3},"end":{"line":14,"column":4}},"type":"if","locations":[{"start":{"line":12,"column":3},"end":{"line":14,"column":4}},{"start":{"line":12,"column":3},"end":{"line":14,"column":4}}],"line":12},"4":{"loc":{"start":{"line":12,"column":7},"end":{"line":12,"column":56}},"type":"binary-expr","locations":[{"start":{"line":12,"column":7},"end":{"line":12,"column":30}},{"start":{"line":12,"column":34},"end":{"line":12,"column":56}}],"line":12},"5":{"loc":{"start":{"line":16,"column":1},"end":{"line":18,"column":2}},"type":"if","locations":[{"start":{"line":16,"column":1},"end":{"line":18,"column":2}},{"start":{"line":16,"column":1},"end":{"line":18,"column":2}}],"line":16},"6":{"loc":{"start":{"line":19,"column":1},"end":{"line":21,"column":2}},"type":"if","locations":[{"start":{"line":19,"column":1},"end":{"line":21,"column":2}},{"start":{"line":19,"column":1},"end":{"line":21,"column":2}}],"line":19},"7":{"loc":{"start":{"line":19,"column":5},"end":{"line":19,"column":76}},"type":"binary-expr","locations":[{"start":{"line":19,"column":5},"end":{"line":19,"column":39}},{"start":{"line":19,"column":43},"end":{"line":19,"column":76}}],"line":19}},"s":{"0":15,"1":4,"2":11,"3":11,"4":11,"5":15,"6":14,"7":14,"8":14,"9":7,"10":11,"11":6,"12":5,"13":3,"14":1},"f":{"0":15,"1":15,"2":14},"b":{"0":[4,11],"1":[15,12],"2":[15,14],"3":[7,7],"4":[14,11],"5":[6,5],"6":[3,2],"7":[5,3]},"_coverageSchema":"1a1c01bbd47fc00a2c39e90264f33305004495a9","hash":"9ec45c6816a89bafb162d8f263139131f4c86624"}
,"D:\\js_labs\\practices-pdf\\Number_practices\\number-01-isIncreasing.js": {"path":"D:\\js_labs\\practices-pdf\\Number_practices\\number-01-isIncreasing.js","statementMap":{"0":{"start":{"line":2,"column":1},"end":{"line":4,"column":2}},"1":{"start":{"line":3,"column":2},"end":{"line":3,"column":15}},"2":{"start":{"line":5,"column":16},"end":{"line":5,"column":38}},"3":{"start":{"line":6,"column":1},"end":{"line":10,"column":2}},"4":{"start":{"line":6,"column":14},"end":{"line":6,"column":15}},"5":{"start":{"line":7,"column":2},"end":{"line":9,"column":3}},"6":{"start":{"line":8,"column":3},"end":{"line":8,"column":16}},"7":{"start":{"line":11,"column":1},"end":{"line":11,"column":13}},"8":{"start":{"line":13,"column":0},"end":{"line":13,"column":41}}},"fnMap":{"0":{"name":"isIncreasingNumber","decl":{"start":{"line":1,"column":16},"end":{"line":1,"column":34}},"loc":{"start":{"line":1,"column":38},"end":{"line":12,"column":1}},"line":1}},"branchMap":{"0":{"loc":{"start":{"line":2,"column":1},"end":{"line":4,"column":2}},"type":"if","locations":[{"start":{"line":2,"column":1},"end":{"line":4,"column":2}},{"start":{"line":2,"column":1},"end":{"line":4,"column":2}}],"line":2},"1":{"loc":{"start":{"line":2,"column":5},"end":{"line":2,"column":51}},"type":"binary-expr","locations":[{"start":{"line":2,"column":5},"end":{"line":2,"column":26}},{"start":{"line":2,"column":30},"end":{"line":2,"column":36}},{"start":{"line":2,"column":40},"end":{"line":2,"column":51}}],"line":2},"2":{"loc":{"start":{"line":7,"column":2},"end":{"line":9,"column":3}},"type":"if","locations":[{"start":{"line":7,"column":2},"end":{"line":9,"column":3}},{"start":{"line":7,"column":2},"end":{"line":9,"column":3}}],"line":7}},"s":{"0":16,"1":8,"2":8,"3":8,"4":8,"5":24,"6":4,"7":4,"8":1},"f":{"0":16},"b":{"0":[8,8],"1":[16,13,11],"2":[4,20]},"_coverageSchema":"1a1c01bbd47fc00a2c39e90264f33305004495a9","hash":"4578e5a4286c7f04fac8bb0083ba19aa01611a7a"}
[...]
,"D:\\js_labs\\practices-pdf\\String_practices\\string-01-CountWords.js": {"path":"D:\\js_labs\\practices-pdf\\String_practices\\string-01-CountWords.js","statementMap":{"0":{"start":{"line":2,"column":1},"end":{"line":4,"column":2}},"1":{"start":{"line":3,"column":2},"end":{"line":3,"column":11}},"2":{"start":{"line":5,"column":14},"end":{"line":5,"column":59}},"3":{"start":{"line":5,"column":43},"end":{"line":5,"column":51}},"4":{"start":{"line":6,"column":1},"end":{"line":6,"column":13}}},"fnMap":{"0":{"name":"countWords","decl":{"start":{"line":1,"column":16},"end":{"line":1,"column":26}},"loc":{"start":{"line":1,"column":32},"end":{"line":7,"column":1}},"line":1},"1":{"name":"(anonymous_1)","decl":{"start":{"line":5,"column":36},"end":{"line":5,"column":37}},"loc":{"start":{"line":5,"column":43},"end":{"line":5,"column":51}},"line":5}},"branchMap":{"0":{"loc":{"start":{"line":2,"column":1},"end":{"line":4,"column":2}},"type":"if","locations":[{"start":{"line":2,"column":1},"end":{"line":4,"column":2}},{"start":{"line":2,"column":1},"end":{"line":4,"column":2}}],"line":2},"1":{"loc":{"start":{"line":2,"column":5},"end":{"line":2,"column":63}},"type":"binary-expr","locations":[{"start":{"line":2,"column":5},"end":{"line":2,"column":28}},{"start":{"line":2,"column":32},"end":{"line":2,"column":48}},{"start":{"line":2,"column":52},"end":{"line":2,"column":63}}],"line":2}},"s":{"0":9,"1":5,"2":4,"3":16,"4":4},"f":{"0":9,"1":16},"b":{"0":[5,4],"1":[9,6,5]},"_coverageSchema":"1a1c01bbd47fc00a2c39e90264f33305004495a9","hash":"112dbb80f24e73bdbc8c6244eda51341fd83237f"}
,"D:\\js_labs\\practices-pdf\\String_practices\\string-02-StatisticsWords.js": {"path":"D:\\js_labs\\practices-pdf\\String_practices\\string-02-StatisticsWords.js","statementMap":{"0":{"start":{"line":2,"column":1},"end":{"line":4,"column":2}},"1":{"start":{"line":3,"column":2},"end":{"line":3,"column":15}},"2":{"start":{"line":5,"column":14},"end":{"line":5,"column":16}},"3":{"start":{"line":6,"column":1},"end":{"line":14,"column":5}},"4":{"start":{"line":7,"column":17},"end":{"line":7,"column":25}},"5":{"start":{"line":9,"column":3},"end":{"line":13,"column":4}},"6":{"start":{"line":10,"column":4},"end":{"line":10,"column":22}},"7":{"start":{"line":12,"column":4},"end":{"line":12,"column":21}},"8":{"start":{"line":15,"column":1},"end":{"line":15,"column":15}}},"fnMap":{"0":{"name":"statisticsWords","decl":{"start":{"line":1,"column":16},"end":{"line":1,"column":31}},"loc":{"start":{"line":1,"column":37},"end":{"line":16,"column":1}},"line":1},"1":{"name":"(anonymous_1)","decl":{"start":{"line":7,"column":10},"end":{"line":7,"column":11}},"loc":{"start":{"line":7,"column":17},"end":{"line":7,"column":25}},"line":7},"2":{"name":"(anonymous_2)","decl":{"start":{"line":8,"column":11},"end":{"line":8,"column":12}},"loc":{"start":{"line":8,"column":21},"end":{"line":14,"column":3}},"line":8}},"branchMap":{"0":{"loc":{"start":{"line":2,"column":1},"end":{"line":4,"column":2}},"type":"if","locations":[{"start":{"line":2,"column":1},"end":{"line":4,"column":2}},{"start":{"line":2,"column":1},"end":{"line":4,"column":2}}],"line":2},"1":{"loc":{"start":{"line":2,"column":5},"end":{"line":2,"column":48}},"type":"binary-expr","locations":[{"start":{"line":2,"column":5},"end":{"line":2,"column":28}},{"start":{"line":2,"column":32},"end":{"line":2,"column":48}}],"line":2},"2":{"loc":{"start":{"line":9,"column":3},"end":{"line":13,"column":4}},"type":"if","locations":[{"start":{"line":9,"column":3},"end":{"line":13,"column":4}},{"start":{"line":9,"column":3},"end":{"line":13,"column":4}}],"line":9}},"s":{"0":6,"1":4,"2":2,"3":2,"4":20,"5":10,"6":2,"7":8,"8":2},"f":{"0":6,"1":20,"2":10},"b":{"0":[4,2],"1":[6,3],"2":[2,8]},"_coverageSchema":"1a1c01bbd47fc00a2c39e90264f33305004495a9","hash":"1be6b96474e7fd3d1ca3a83c5b6c76b4ed46d2f3"}
,"D:\\js_labs\\practices-pdf\\String_practices\\string-03-StatisticsCharacters.js": {"path":"D:\\js_labs\\practices-pdf\\String_practices\\string-03-StatisticsCharacters.js","statementMap":{"0":{"start":{"line":2,"column":1},"end":{"line":4,"column":2}},"1":{"start":{"line":3,"column":2},"end":{"line":3,"column":12}},"2":{"start":{"line":5,"column":14},"end":{"line":5,"column":16}},"3":{"start":{"line":6,"column":1},"end":{"line":13,"column":4}},"4":{"start":{"line":7,"column":22},"end":{"line":7,"column":53}},"5":{"start":{"line":8,"column":2},"end":{"line":12,"column":3}},"6":{"start":{"line":9,"column":3},"end":{"line":9,"column":28}},"7":{"start":{"line":11,"column":3},"end":{"line":11,"column":27}},"8":{"start":{"line":14,"column":1},"end":{"line":14,"column":15}},"9":{"start":{"line":16,"column":0},"end":{"line":16,"column":47}}},"fnMap":{"0":{"name":"statisticsCharacters","decl":{"start":{"line":1,"column":16},"end":{"line":1,"column":36}},"loc":{"start":{"line":1,"column":42},"end":{"line":15,"column":1}},"line":1},"1":{"name":"(anonymous_1)","decl":{"start":{"line":6,"column":23},"end":{"line":6,"column":24}},"loc":{"start":{"line":6,"column":38},"end":{"line":13,"column":2}},"line":6}},"branchMap":{"0":{"loc":{"start":{"line":2,"column":1},"end":{"line":4,"column":2}},"type":"if","locations":[{"start":{"line":2,"column":1},"end":{"line":4,"column":2}},{"start":{"line":2,"column":1},"end":{"line":4,"column":2}}],"line":2},"1":{"loc":{"start":{"line":2,"column":5},"end":{"line":2,"column":48}},"type":"binary-expr","locations":[{"start":{"line":2,"column":5},"end":{"line":2,"column":28}},{"start":{"line":2,"column":32},"end":{"line":2,"column":48}}],"line":2},"2":{"loc":{"start":{"line":8,"column":2},"end":{"line":12,"column":3}},"type":"if","locations":[{"start":{"line":8,"column":2},"end":{"line":12,"column":3}},{"start":{"line":8,"column":2},"end":{"line":12,"column":3}}],"line":8}},"s":{"0":7,"1":4,"2":3,"3":3,"4":19,"5":19,"6":8,"7":11,"8":3,"9":1},"f":{"0":7,"1":19},"b":{"0":[4,3],"1":[7,4],"2":[8,11]},"_coverageSchema":"1a1c01bbd47fc00a2c39e90264f33305004495a9","hash":"835060cc832eb0c10ffc680e7b3c8cb399fe4f2d"}
,"D:\\js_labs\\practices-pdf\\String_practices\\string-04-CountEmails.js": {"path":"D:\\js_labs\\practices-pdf\\String_practices\\string-04-CountEmails.js","statementMap":{"0":{"start":{"line":2,"column":1},"end":{"line":4,"column":2}},"1":{"start":{"line":3,"column":2},"end":{"line":3,"column":11}},"2":{"start":{"line":5,"column":17},"end":{"line":5,"column":18}},"3":{"start":{"line":6,"column":18},"end":{"line":14,"column":4}},"4":{"start":{"line":8,"column":17},"end":{"line":8,"column":41}},"5":{"start":{"line":10,"column":21},"end":{"line":10,"column":33}},"6":{"start":{"line":11,"column":3},"end":{"line":13,"column":4}},"7":{"start":{"line":12,"column":4},"end":{"line":12,"column":19}},"8":{"start":{"line":16,"column":1},"end":{"line":16,"column":18}}},"fnMap":{"0":{"name":"countEmails","decl":{"start":{"line":1,"column":16},"end":{"line":1,"column":27}},"loc":{"start":{"line":1,"column":33},"end":{"line":17,"column":1}},"line":1},"1":{"name":"(anonymous_1)","decl":{"start":{"line":8,"column":10},"end":{"line":8,"column":11}},"loc":{"start":{"line":8,"column":17},"end":{"line":8,"column":41}},"line":8},"2":{"name":"(anonymous_2)","decl":{"start":{"line":9,"column":11},"end":{"line":9,"column":12}},"loc":{"start":{"line":9,"column":18},"end":{"line":14,"column":3}},"line":9}},"branchMap":{"0":{"loc":{"start":{"line":2,"column":1},"end":{"line":4,"column":2}},"type":"if","locations":[{"start":{"line":2,"column":1},"end":{"line":4,"column":2}},{"start":{"line":2,"column":1},"end":{"line":4,"column":2}}],"line":2},"1":{"loc":{"start":{"line":2,"column":5},"end":{"line":2,"column":48}},"type":"binary-expr","locations":[{"start":{"line":2,"column":5},"end":{"line":2,"column":28}},{"start":{"line":2,"column":32},"end":{"line":2,"column":48}}],"line":2},"2":{"loc":{"start":{"line":11,"column":3},"end":{"line":13,"column":4}},"type":"if","locations":[{"start":{"line":11,"column":3},"end":{"line":13,"column":4}},{"start":{"line":11,"column":3},"end":{"line":13,"column":4}}],"line":11},"3":{"loc":{"start":{"line":11,"column":7},"end":{"line":11,"column":59}},"type":"binary-expr","locations":[{"start":{"line":11,"column":7},"end":{"line":11,"column":31}},{"start":{"line":11,"column":35},"end":{"line":11,"column":59}}],"line":11}},"s":{"0":10,"1":4,"2":6,"3":6,"4":38,"5":9,"6":9,"7":6,"8":6},"f":{"0":10,"1":38,"2":9},"b":{"0":[4,6],"1":[10,7],"2":[6,3],"3":[9,6]},"_coverageSchema":"1a1c01bbd47fc00a2c39e90264f33305004495a9","hash":"560e63f196831c092f01b890c3e9c3429365fb24"}
,"D:\\js_labs\\practices-pdf\\String_practices\\string-05-CountURLs.js": {"path":"D:\\js_labs\\practices-pdf\\String_practices\\string-05-CountURLs.js","statementMap":{"0":{"start":{"line":1,"column":28},"end":{"line":1,"column":58}},"1":{"start":{"line":3,"column":1},"end":{"line":5,"column":2}},"2":{"start":{"line":4,"column":2},"end":{"line":4,"column":11}},"3":{"start":{"line":6,"column":16},"end":{"line":6,"column":18}},"4":{"start":{"line":7,"column":11},"end":{"line":7,"column":12}},"5":{"start":{"line":8,"column":19},"end":{"line":14,"column":3}},"6":{"start":{"line":9,"column":16},"end":{"line":9,"column":36}},"7":{"start":{"line":10,"column":20},"end":{"line":10,"column":32}},"8":{"start":{"line":11,"column":2},"end":{"line":13,"column":3}},"9":{"start":{"line":12,"column":3},"end":{"line":12,"column":20}},"10":{"start":{"line":15,"column":1},"end":{"line":21,"column":4}},"11":{"start":{"line":16,"column":19},"end":{"line":16,"column":37}},"12":{"start":{"line":17,"column":19},"end":{"line":17,"column":44}},"13":{"start":{"line":18,"column":2},"end":{"line":20,"column":3}},"14":{"start":{"line":19,"column":3},"end":{"line":19,"column":12}},"15":{"start":{"line":22,"column":1},"end":{"line":22,"column":12}}},"fnMap":{"0":{"name":"countURLs","decl":{"start":{"line":2,"column":16},"end":{"line":2,"column":25}},"loc":{"start":{"line":2,"column":31},"end":{"line":23,"column":1}},"line":2},"1":{"name":"(anonymous_1)","decl":{"start":{"line":8,"column":42},"end":{"line":8,"column":43}},"loc":{"start":{"line":8,"column":49},"end":{"line":14,"column":2}},"line":8},"2":{"name":"(anonymous_2)","decl":{"start":{"line":15,"column":18},"end":{"line":15,"column":19}},"loc":{"start":{"line":15,"column":29},"end":{"line":21,"column":2}},"line":15}},"branchMap":{"0":{"loc":{"start":{"line":3,"column":1},"end":{"line":5,"column":2}},"type":"if","locations":[{"start":{"line":3,"column":1},"end":{"line":5,"column":2}},{"start":{"line":3,"column":1},"end":{"line":5,"column":2}}],"line":3},"1":{"loc":{"start":{"line":3,"column":5},"end":{"line":3,"column":48}},"type":"binary-expr","locations":[{"start":{"line":3,"column":5},"end":{"line":3,"column":28}},{"start":{"line":3,"column":32},"end":{"line":3,"column":48}}],"line":3},"2":{"loc":{"start":{"line":11,"column":2},"end":{"line":13,"column":3}},"type":"if","locations":[{"start":{"line":11,"column":2},"end":{"line":13,"column":3}},{"start":{"line":11,"column":2},"end":{"line":13,"column":3}}],"line":11},"3":{"loc":{"start":{"line":11,"column":6},"end":{"line":11,"column":73}},"type":"binary-expr","locations":[{"start":{"line":11,"column":6},"end":{"line":11,"column":57}},{"start":{"line":11,"column":61},"end":{"line":11,"column":73}}],"line":11},"4":{"loc":{"start":{"line":18,"column":2},"end":{"line":20,"column":3}},"type":"if","locations":[{"start":{"line":18,"column":2},"end":{"line":20,"column":3}},{"start":{"line":18,"column":2},"end":{"line":20,"column":3}}],"line":18}},"s":{"0":1,"1":19,"2":4,"3":15,"4":15,"5":15,"6":22,"7":22,"8":22,"9":12,"10":15,"11":12,"12":12,"13":12,"14":8,"15":15},"f":{"0":19,"1":22,"2":12},"b":{"0":[4,15],"1":[19,16],"2":[12,10],"3":[22,16],"4":[8,4]},"_coverageSchema":"1a1c01bbd47fc00a2c39e90264f33305004495a9","hash":"bf99dbfdbf259f406f989cfe4fa25c65ec506891"}
,"D:\\js_labs\\practices-pdf\\String_practices\\string-06-GetDisplayedAddress.js": {"path":"D:\\js_labs\\practices-pdf\\String_practices\\string-06-GetDisplayedAddress.js","statementMap":{"0":{"start":{"line":2,"column":1},"end":{"line":4,"column":2}},"1":{"start":{"line":3,"column":2},"end":{"line":3,"column":15}},"2":{"start":{"line":5,"column":14},"end":{"line":5,"column":16}},"3":{"start":{"line":6,"column":1},"end":{"line":8,"column":2}},"4":{"start":{"line":7,"column":2},"end":{"line":7,"column":21}},"5":{"start":{"line":9,"column":1},"end":{"line":14,"column":2}},"6":{"start":{"line":10,"column":2},"end":{"line":13,"column":66}},"7":{"start":{"line":15,"column":1},"end":{"line":15,"column":48}}},"fnMap":{"0":{"name":"getDisplayedAddress","decl":{"start":{"line":1,"column":16},"end":{"line":1,"column":35}},"loc":{"start":{"line":1,"column":45},"end":{"line":16,"column":1}},"line":1}},"branchMap":{"0":{"loc":{"start":{"line":2,"column":1},"end":{"line":4,"column":2}},"type":"if","locations":[{"start":{"line":2,"column":1},"end":{"line":4,"column":2}},{"start":{"line":2,"column":1},"end":{"line":4,"column":2}}],"line":2},"1":{"loc":{"start":{"line":2,"column":5},"end":{"line":2,"column":69}},"type":"binary-expr","locations":[{"start":{"line":2,"column":5},"end":{"line":2,"column":38}},{"start":{"line":2,"column":42},"end":{"line":2,"column":69}}],"line":2},"2":{"loc":{"start":{"line":9,"column":1},"end":{"line":14,"column":2}},"type":"if","locations":[{"start":{"line":9,"column":1},"end":{"line":14,"column":2}},{"start":{"line":9,"column":1},"end":{"line":14,"column":2}}],"line":9}},"s":{"0":6,"1":4,"2":2,"3":2,"4":7,"5":2,"6":1,"7":1},"f":{"0":6},"b":{"0":[4,2],"1":[6,2],"2":[1,1]},"_coverageSchema":"1a1c01bbd47fc00a2c39e90264f33305004495a9","hash":"a982aecbc2302ba14d7c14a4b2e42bcf0e6daa91"}
,"D:\\js_labs\\practices-pdf\\String_practices\\string-07-FillPath.js": {"path":"D:\\js_labs\\practices-pdf\\String_practices\\string-07-FillPath.js","statementMap":{"0":{"start":{"line":2,"column":1},"end":{"line":4,"column":2}},"1":{"start":{"line":3,"column":2},"end":{"line":3,"column":15}},"2":{"start":{"line":5,"column":17},"end":{"line":5,"column":19}},"3":{"start":{"line":6,"column":1},"end":{"line":8,"column":2}},"4":{"start":{"line":7,"column":2},"end":{"line":7,"column":61}},"5":{"start":{"line":9,"column":1},"end":{"line":11,"column":2}},"6":{"start":{"line":10,"column":2},"end":{"line":10,"column":59}},"7":{"start":{"line":12,"column":1},"end":{"line":16,"column":2}},"8":{"start":{"line":13,"column":2},"end":{"line":15,"column":44}},"9":{"start":{"line":17,"column":1},"end":{"line":17,"column":18}}},"fnMap":{"0":{"name":"fillPath","decl":{"start":{"line":1,"column":16},"end":{"line":1,"column":24}},"loc":{"start":{"line":1,"column":39},"end":{"line":18,"column":1}},"line":1}},"branchMap":{"0":{"loc":{"start":{"line":2,"column":1},"end":{"line":4,"column":2}},"type":"if","locations":[{"start":{"line":2,"column":1},"end":{"line":4,"column":2}},{"start":{"line":2,"column":1},"end":{"line":4,"column":2}}],"line":2},"1":{"loc":{"start":{"line":2,"column":5},"end":{"line":2,"column":82}},"type":"binary-expr","locations":[{"start":{"line":2,"column":5},"end":{"line":2,"column":29}},{"start":{"line":2,"column":33},"end":{"line":2,"column":50}},{"start":{"line":2,"column":54},"end":{"line":2,"column":82}}],"line":2},"2":{"loc":{"start":{"line":6,"column":1},"end":{"line":8,"column":2}},"type":"if","locations":[{"start":{"line":6,"column":1},"end":{"line":8,"column":2}},{"start":{"line":6,"column":1},"end":{"line":8,"column":2}}],"line":6},"3":{"loc":{"start":{"line":9,"column":1},"end":{"line":11,"column":2}},"type":"if","locations":[{"start":{"line":9,"column":1},"end":{"line":11,"column":2}},{"start":{"line":9,"column":1},"end":{"line":11,"column":2}}],"line":9},"4":{"loc":{"start":{"line":12,"column":1},"end":{"line":16,"column":2}},"type":"if","locations":[{"start":{"line":12,"column":1},"end":{"line":16,"column":2}},{"start":{"line":12,"column":1},"end":{"line":16,"column":2}}],"line":12},"5":{"loc":{"start":{"line":12,"column":5},"end":{"line":12,"column":70}},"type":"binary-expr","locations":[{"start":{"line":12,"column":5},"end":{"line":12,"column":36}},{"start":{"line":12,"column":40},"end":{"line":12,"column":70}}],"line":12}},"s":{"0":8,"1":6,"2":2,"3":2,"4":1,"5":2,"6":2,"7":2,"8":1,"9":2},"f":{"0":8},"b":{"0":[6,2],"1":[8,4,2],"2":[1,1],"3":[2,0],"4":[1,1],"5":[2,1]},"_coverageSchema":"1a1c01bbd47fc00a2c39e90264f33305004495a9","hash":"bff5968f251751dfcc247f5a745ac2e0d58a764f"}
,"D:\\js_labs\\src\\array.js": {"path":"D:\\js_labs\\src\\array.js","statementMap":{"0":{"start":{"line":25,"column":1},"end":{"line":27,"column":2}},"1":{"start":{"line":26,"column":2},"end":{"line":26,"column":15}},"2":{"start":{"line":28,"column":1},"end":{"line":32,"column":2}},"3":{"start":{"line":28,"column":14},"end":{"line":28,"column":15}},"4":{"start":{"line":29,"column":2},"end":{"line":31,"column":3}},"5":{"start":{"line":30,"column":3},"end":{"line":30,"column":16}},"6":{"start":{"line":33,"column":1},"end":{"line":33,"column":13}}},"fnMap":{"0":{"name":"isPrimeV1","decl":{"start":{"line":24,"column":16},"end":{"line":24,"column":25}},"loc":{"start":{"line":24,"column":29},"end":{"line":34,"column":1}},"line":24}},"branchMap":{"0":{"loc":{"start":{"line":25,"column":1},"end":{"line":27,"column":2}},"type":"if","locations":[{"start":{"line":25,"column":1},"end":{"line":27,"column":2}},{"start":{"line":25,"column":1},"end":{"line":27,"column":2}}],"line":25},"1":{"loc":{"start":{"line":25,"column":5},"end":{"line":25,"column":22}},"type":"binary-expr","locations":[{"start":{"line":25,"column":5},"end":{"line":25,"column":10}},{"start":{"line":25,"column":14},"end":{"line":25,"column":22}}],"line":25},"2":{"loc":{"start":{"line":29,"column":2},"end":{"line":31,"column":3}},"type":"if","locations":[{"start":{"line":29,"column":2},"end":{"line":31,"column":3}},{"start":{"line":29,"column":2},"end":{"line":31,"column":3}}],"line":29}},"s":{"0":12,"1":2,"2":10,"3":10,"4":19,"5":5,"6":5},"f":{"0":12},"b":{"0":[2,10],"1":[12,10],"2":[5,14]},"_coverageSchema":"1a1c01bbd47fc00a2c39e90264f33305004495a9","hash":"cab42c3261bebbb71d2fa96b305786a636fc6e55"}
}
