TN:
SF:main.js
FN:1,sum
FNF:1
FNH:1
FNDA:1,sum
DA:2,1
LF:1
LH:1
BRF:0
BRH:0
end_of_record
TN:
SF:practices\01-calc-s.js
FN:2,calculateSum
FN:13,calculateSum2
FNF:2
FNH:2
FNDA:6,calculateSum
FNDA:6,calculateSum2
DA:3,6
DA:4,2
DA:6,4
DA:7,4
DA:8,16
DA:10,4
DA:14,6
DA:15,2
DA:17,4
LF:9
LH:9
BRDA:3,0,0,2
BRDA:3,0,1,4
BRDA:14,1,0,2
BRDA:14,1,1,4
BRF:4
BRH:4
end_of_record
TN:
SF:practices\array-check-07.js
FN:1,isAlice
FN:4,hasAlice
FN:15,hasAlice2
FN:20,(anonymous_3)
FN:26,hasAlice3
FN:34,hasAlice4
FN:41,hasAlice5
FNF:7
FNH:7
FNDA:17,isAlice
FNDA:3,hasAlice
FNDA:3,hasAlice2
FNDA:4,(anonymous_3)
FNDA:3,hasAlice3
FNDA:3,hasAlice4
FNDA:3,hasAlice5
DA:2,17
DA:5,3
DA:6,1
DA:8,2
DA:9,3
DA:10,3
DA:12,1
DA:16,3
DA:17,1
DA:19,2
DA:20,2
DA:21,4
DA:23,2
DA:27,3
DA:28,1
DA:30,2
DA:35,3
DA:36,1
DA:38,2
DA:42,3
DA:43,1
DA:45,2
LF:22
LH:22
BRDA:2,0,0,17
BRDA:2,0,1,5
BRDA:5,1,0,1
BRDA:5,1,1,2
BRDA:5,2,0,3
BRDA:5,2,1,3
BRDA:10,3,0,1
BRDA:10,3,1,2
BRDA:16,4,0,1
BRDA:16,4,1,2
BRDA:16,5,0,3
BRDA:16,5,1,3
BRDA:21,6,0,1
BRDA:21,6,1,3
BRDA:27,7,0,1
BRDA:27,7,1,2
BRDA:27,8,0,3
BRDA:27,8,1,3
BRDA:35,9,0,1
BRDA:35,9,1,2
BRDA:35,10,0,3
BRDA:35,10,1,3
BRDA:42,11,0,1
BRDA:42,11,1,2
BRDA:42,12,0,3
BRDA:42,12,1,3
BRF:26
BRH:26
end_of_record
TN:
SF:practices\array-count-04.js
FN:1,countUniqueNumbers
FN:13,countUniqueNumbers2
FNF:2
FNH:2
FNDA:11,countUniqueNumbers
FNDA:11,countUniqueNumbers2
DA:2,11
DA:3,5
DA:5,6
DA:6,6
DA:7,22
DA:8,22
DA:10,6
DA:14,11
DA:15,5
DA:17,6
DA:18,6
DA:19,22
DA:20,22
DA:22,6
LF:14
LH:14
BRDA:2,0,0,5
BRDA:2,0,1,6
BRDA:2,1,0,11
BRDA:2,1,1,7
BRDA:8,2,0,12
BRDA:8,2,1,10
BRDA:14,3,0,5
BRDA:14,3,1,6
BRDA:14,4,0,11
BRDA:14,4,1,7
BRF:10
BRH:10
end_of_record
TN:
SF:practices\array-filter-06.js
FN:1,findAllNumber
FN:10,(anonymous_1)
FN:19,getTheFirtDigit
FN:24,findAllNumber2
FN:38,findAllNumber3
FN:42,(anonymous_5)
FNF:6
FNH:6
FNDA:7,findAllNumber
FNDA:27,(anonymous_1)
FNDA:18,getTheFirtDigit
FNDA:7,findAllNumber2
FNDA:7,findAllNumber3
FNDA:9,(anonymous_5)
DA:2,7
DA:3,5
DA:5,2
DA:6,2
DA:7,9
DA:11,27
DA:12,3
DA:16,2
DA:20,18
DA:21,18
DA:22,18
DA:25,7
DA:26,5
DA:28,2
DA:29,2
DA:30,9
DA:31,9
DA:32,9
DA:34,2
DA:39,7
DA:40,5
DA:42,9
LF:22
LH:22
BRDA:2,0,0,5
BRDA:2,0,1,2
BRDA:2,1,0,7
BRDA:2,1,1,3
BRDA:11,2,0,3
BRDA:11,2,1,24
BRDA:11,3,0,27
BRDA:11,3,1,9
BRDA:25,4,0,5
BRDA:25,4,1,2
BRDA:25,5,0,7
BRDA:25,5,1,3
BRDA:32,6,0,3
BRDA:32,6,1,6
BRDA:39,7,0,5
BRDA:39,7,1,2
BRDA:39,8,0,7
BRDA:39,8,1,3
BRF:18
BRH:18
end_of_record
TN:
SF:practices\array-find-09.js
FN:1,findStudentById
FN:12,findStudentById2
FN:16,(anonymous_2)
FNF:3
FNH:3
FNDA:9,findStudentById
FNDA:9,findStudentById2
FNDA:7,(anonymous_2)
DA:2,9
DA:3,5
DA:5,4
DA:6,7
DA:7,7
DA:9,2
DA:13,9
DA:14,5
DA:16,7
LF:9
LH:9
BRDA:2,0,0,5
BRDA:2,0,1,4
BRDA:2,1,0,9
BRDA:2,1,1,9
BRDA:7,2,0,2
BRDA:7,2,1,5
BRDA:13,3,0,5
BRDA:13,3,1,4
BRDA:13,4,0,9
BRDA:13,4,1,9
BRF:10
BRH:10
end_of_record
TN:
SF:practices\number-01.js
FN:1,isIncreasingNumber
FNF:1
FNH:1
FNDA:27,isIncreasingNumber
DA:2,27
DA:3,10
DA:5,17
DA:6,17
DA:7,29
DA:8,11
DA:11,6
DA:13,1
LF:8
LH:8
BRDA:2,0,0,10
BRDA:2,0,1,17
BRDA:2,1,0,27
BRDA:2,1,1,17
BRDA:7,2,0,11
BRDA:7,2,1,18
BRF:6
BRH:6
end_of_record
TN:
SF:practices\string-02.js
FN:1,statisticsWords
FN:5,(anonymous_1)
FN:6,(anonymous_2)
FN:16,statisticsWords2
FN:20,(anonymous_4)
FN:21,(anonymous_5)
FNF:6
FNH:6
FNDA:3,statisticsWords
FNDA:20,(anonymous_1)
FNDA:10,(anonymous_2)
FNDA:3,statisticsWords2
FNDA:20,(anonymous_4)
FNDA:10,(anonymous_5)
DA:2,3
DA:3,2
DA:4,2
DA:5,20
DA:7,10
DA:8,2
DA:10,8
DA:13,2
DA:17,3
DA:18,2
DA:20,20
DA:22,10
DA:23,10
LF:13
LH:13
BRDA:2,0,0,1
BRDA:2,0,1,2
BRDA:7,1,0,2
BRDA:7,1,1,8
BRDA:17,2,0,1
BRDA:17,2,1,2
BRDA:22,3,0,2
BRDA:22,3,1,8
BRF:8
BRH:8
end_of_record
TN:
SF:practices-pdf\ArrayCheck_practices\array-check-01-HasEvenNumberGreaterThanN.js
FN:1,hasEvenNumberGreaterThanNv2
FN:7,(anonymous_1)
FN:12,(anonymous_2)
FN:20,hasEvenNumberGreaterThanN
FN:25,(anonymous_4)
FNF:5
FNH:5
FNDA:16,hasEvenNumberGreaterThanNv2
FNDA:30,(anonymous_1)
FNDA:4,(anonymous_2)
FNDA:16,hasEvenNumberGreaterThanN
FNDA:30,(anonymous_4)
DA:2,16
DA:3,8
DA:5,8
DA:6,8
DA:8,30
DA:9,4
DA:13,4
DA:15,8
DA:16,4
DA:18,4
DA:21,16
DA:22,8
DA:24,8
DA:25,8
DA:26,30
DA:27,30
DA:28,4
DA:31,8
DA:32,4
DA:34,4
LF:20
LH:20
BRDA:2,0,0,8
BRDA:2,0,1,8
BRDA:2,1,0,16
BRDA:2,1,1,13
BRDA:2,1,2,13
BRDA:8,2,0,4
BRDA:8,2,1,26
BRDA:8,3,0,30
BRDA:8,3,1,30
BRDA:15,4,0,4
BRDA:15,4,1,4
BRDA:21,5,0,8
BRDA:21,5,1,8
BRDA:21,6,0,16
BRDA:21,6,1,13
BRDA:21,6,2,13
BRDA:27,7,0,4
BRDA:27,7,1,26
BRDA:27,8,0,30
BRDA:27,8,1,30
BRDA:31,9,0,4
BRDA:31,9,1,4
BRF:22
BRH:22
end_of_record
TN:
SF:practices-pdf\ArrayCheck_practices\array-check-02-HasOddNumberDivisibleBy3.js
FN:1,hasOddNumberDivisibleBy3
FN:7,(anonymous_1)
FNF:2
FNH:2
FNDA:15,hasOddNumberDivisibleBy3
FNDA:40,(anonymous_1)
DA:2,15
DA:3,4
DA:5,11
DA:6,11
DA:7,11
DA:8,40
DA:9,14
DA:11,40
DA:12,14
DA:15,11
DA:16,3
DA:18,8
DA:20,1
LF:13
LH:13
BRDA:2,0,0,4
BRDA:2,0,1,11
BRDA:2,1,0,15
BRDA:2,1,1,12
BRDA:8,2,0,14
BRDA:8,2,1,26
BRDA:11,3,0,14
BRDA:11,3,1,26
BRDA:15,4,0,3
BRDA:15,4,1,8
BRDA:15,5,0,11
BRDA:15,5,1,6
BRF:12
BRH:12
end_of_record
TN:
SF:practices-pdf\ArrayCheck_practices\array-check-03-HasEasyFrontend.js
FN:1,hasEasyFrontend
FNF:1
FNH:1
FNDA:13,hasEasyFrontend
DA:2,13
DA:3,4
DA:5,9
DA:6,9
DA:10,5
DA:12,4
DA:14,1
LF:7
LH:7
BRDA:2,0,0,4
BRDA:2,0,1,9
BRDA:2,1,0,13
BRDA:2,1,1,10
BRDA:6,2,0,5
BRDA:6,2,1,4
BRDA:7,3,0,9
BRDA:7,3,1,5
BRDA:7,3,2,7
BRF:9
BRH:9
end_of_record
TN:
SF:practices-pdf\ArrayCheck_practices\array-check-04-HasTruthy.js
FN:1,hasTruthy
FN:6,(anonymous_1)
FNF:2
FNH:2
FNDA:13,hasTruthy
FNDA:20,(anonymous_1)
DA:2,13
DA:3,4
DA:5,9
DA:6,9
DA:7,20
DA:8,6
DA:11,9
LF:7
LH:7
BRDA:2,0,0,4
BRDA:2,0,1,9
BRDA:2,1,0,13
BRDA:2,1,1,10
BRDA:7,2,0,6
BRDA:7,2,1,14
BRF:6
BRH:6
end_of_record
TN:
SF:practices-pdf\ArrayCheck_practices\array-check-05-HasFalsy.js
FN:1,hasFalsy
FN:6,(anonymous_1)
FNF:2
FNH:2
FNDA:12,hasFalsy
FNDA:19,(anonymous_1)
DA:2,12
DA:3,4
DA:5,8
DA:6,8
DA:7,19
DA:8,4
DA:11,8
LF:7
LH:7
BRDA:2,0,0,4
BRDA:2,0,1,8
BRDA:2,1,0,12
BRDA:2,1,1,9
BRDA:7,2,0,4
BRDA:7,2,1,15
BRF:6
BRH:6
end_of_record
TN:
SF:practices-pdf\ArrayCheck_practices\array-check-06-HasStudent.js
FN:1,hasStudent
FN:11,(anonymous_1)
FNF:2
FNH:2
FNDA:11,hasStudent
FNDA:14,(anonymous_1)
DA:2,11
DA:8,5
DA:10,6
DA:11,6
DA:12,14
DA:13,3
DA:16,6
LF:7
LH:7
BRDA:2,0,0,5
BRDA:2,0,1,6
BRDA:3,1,0,11
BRDA:3,1,1,8
BRDA:3,1,2,6
BRDA:3,1,3,6
BRDA:12,2,0,3
BRDA:12,2,1,11
BRF:8
BRH:8
end_of_record
TN:
SF:practices-pdf\ArrayCheck_practices\array-check-07-HasAlice.js
FN:1,hasAlice
FN:6,(anonymous_1)
FNF:2
FNH:2
FNDA:6,hasAlice
FNDA:6,(anonymous_1)
DA:2,6
DA:3,4
DA:5,2
DA:6,2
DA:7,6
DA:8,6
DA:9,1
DA:12,2
LF:8
LH:8
BRDA:2,0,0,4
BRDA:2,0,1,2
BRDA:2,1,0,6
BRDA:2,1,1,3
BRDA:8,2,0,1
BRDA:8,2,1,5
BRDA:8,3,0,6
BRDA:8,3,1,4
BRF:8
BRH:8
end_of_record
TN:
SF:practices-pdf\ArrayCheck_practices\array-check-08-HasFreeShip.js
FN:1,hasFreeShip
FN:12,(anonymous_1)
FNF:2
FNH:2
FNDA:9,hasFreeShip
FNDA:6,(anonymous_1)
DA:2,9
DA:8,6
DA:10,3
DA:11,3
DA:12,3
DA:13,6
DA:14,6
DA:15,2
DA:17,6
DA:18,3
DA:21,3
DA:22,2
DA:24,1
LF:13
LH:13
BRDA:2,0,0,6
BRDA:2,0,1,3
BRDA:3,1,0,9
BRDA:3,1,1,6
BRDA:3,1,2,4
BRDA:3,1,3,4
BRDA:14,2,0,2
BRDA:14,2,1,4
BRDA:17,3,0,3
BRDA:17,3,1,3
BRDA:21,4,0,2
BRDA:21,4,1,1
BRDA:21,5,0,3
BRDA:21,5,1,2
BRF:14
BRH:14
end_of_record
TN:
SF:practices-pdf\ArrayCheck_practices\array-check-09-IsIncreasingNumberList.js
FN:1,isIncreasingNumberList
FNF:1
FNH:1
FNDA:16,isIncreasingNumberList
DA:2,16
DA:3,8
DA:5,8
DA:6,8
DA:7,20
DA:8,5
DA:11,8
LF:7
LH:7
BRDA:2,0,0,8
BRDA:2,0,1,8
BRDA:2,1,0,16
BRDA:2,1,1,13
BRDA:7,2,0,5
BRDA:7,2,1,15
BRF:6
BRH:6
end_of_record
TN:
SF:practices-pdf\ArrayCheck_practices\array-check-10-IsIncreasingNumberList.js
FN:1,isIncreasingNumberList
FNF:1
FNH:1
FNDA:16,isIncreasingNumberList
DA:2,16
DA:3,8
DA:5,8
DA:6,8
DA:7,20
DA:8,8
DA:11,8
LF:7
LH:7
BRDA:2,0,0,8
BRDA:2,0,1,8
BRDA:2,1,0,16
BRDA:2,1,1,13
BRDA:7,2,0,8
BRDA:7,2,1,12
BRF:6
BRH:6
end_of_record
TN:
SF:practices-pdf\ArrayCheck_practices\array-check-11-IsSymmetricList.js
FN:1,isSymmetricList
FNF:1
FNH:1
FNDA:12,isSymmetricList
DA:2,12
DA:3,4
DA:5,8
DA:6,8
DA:7,8
DA:8,8
DA:9,12
DA:10,12
DA:12,8
DA:13,4
DA:15,8
LF:11
LH:11
BRDA:2,0,0,4
BRDA:2,0,1,8
BRDA:2,1,0,12
BRDA:2,1,1,9
BRDA:12,2,0,4
BRDA:12,2,1,4
BRF:6
BRH:6
end_of_record
TN:
SF:practices-pdf\ArrayCheck_practices\array-check-12-HasFibonaciNumber.js
FN:1,hasFibonaciNumber
FN:15,(anonymous_1)
FNF:2
FNH:2
FNDA:14,hasFibonaciNumber
FNDA:108,(anonymous_1)
DA:2,14
DA:3,5
DA:5,9
DA:6,9
DA:7,9
DA:8,9
DA:9,9
DA:10,117
DA:11,90
DA:12,90
DA:15,9
DA:16,108
DA:17,11
DA:20,9
LF:14
LH:14
BRDA:2,0,0,5
BRDA:2,0,1,9
BRDA:2,1,0,14
BRDA:2,1,1,10
BRDA:2,1,2,9
BRDA:10,2,0,90
BRDA:10,2,1,27
BRDA:16,3,0,11
BRDA:16,3,1,97
BRF:9
BRH:9
end_of_record
TN:
SF:practices-pdf\ArrayFind_practices\array-find-01-FindMinPositive.js
FN:1,findMinPositive
FN:7,(anonymous_1)
FN:15,(anonymous_2)
FNF:3
FNH:3
FNDA:12,findMinPositive
FNDA:24,(anonymous_1)
FNDA:11,(anonymous_2)
DA:2,12
DA:3,4
DA:5,8
DA:6,8
DA:7,8
DA:8,24
DA:9,12
DA:11,24
DA:12,12
DA:15,8
DA:16,11
DA:18,8
DA:19,8
LF:13
LH:13
BRDA:2,0,0,4
BRDA:2,0,1,8
BRDA:2,1,0,12
BRDA:2,1,1,9
BRDA:8,2,0,12
BRDA:8,2,1,12
BRDA:8,3,0,24
BRDA:8,3,1,13
BRDA:11,4,0,12
BRDA:11,4,1,12
BRDA:11,5,0,24
BRDA:11,5,1,16
BRF:12
BRH:12
end_of_record
TN:
SF:practices-pdf\ArrayFind_practices\array-find-02-FindLongestWord.js
FN:1,findLongestWord
FNF:1
FNH:1
FNDA:11,findLongestWord
DA:2,11
DA:3,5
DA:5,6
DA:6,6
DA:7,6
DA:8,16
DA:9,16
DA:10,16
DA:11,4
DA:13,16
DA:14,5
DA:17,6
DA:18,3
DA:20,6
DA:21,3
DA:22,3
DA:24,6
LF:17
LH:17
BRDA:2,0,0,5
BRDA:2,0,1,6
BRDA:2,1,0,11
BRDA:2,1,1,7
BRDA:10,2,0,4
BRDA:10,2,1,12
BRDA:13,3,0,5
BRDA:13,3,1,11
BRDA:13,4,0,16
BRDA:13,4,1,10
BRDA:13,4,2,6
BRDA:17,5,0,3
BRDA:17,5,1,3
BRDA:20,6,0,3
BRDA:20,6,1,3
BRF:15
BRH:15
end_of_record
TN:
SF:practices-pdf\ArrayFind_practices\array-find-03-FindFirstPositiveEven.js
FN:1,findFirstPositiveEven
FNF:1
FNH:1
FNDA:11,findFirstPositiveEven
DA:2,11
DA:3,4
DA:5,7
DA:6,7
DA:7,7
DA:8,21
DA:9,4
DA:11,21
DA:12,4
DA:15,7
DA:16,4
DA:18,3
DA:20,1
LF:13
LH:13
BRDA:2,0,0,4
BRDA:2,0,1,7
BRDA:2,1,0,11
BRDA:2,1,1,8
BRDA:8,2,0,4
BRDA:8,2,1,17
BRDA:8,3,0,21
BRDA:8,3,1,17
BRDA:11,4,0,4
BRDA:11,4,1,17
BRDA:11,5,0,21
BRDA:11,5,1,17
BRDA:15,6,0,4
BRDA:15,6,1,3
BRF:14
BRH:14
end_of_record
TN:
SF:practices-pdf\ArrayFind_practices\array-find-04-FindLastNegativeOdd.js
FN:1,findLastNegativeOdd
FN:7,(anonymous_1)
FNF:2
FNH:2
FNDA:10,findLastNegativeOdd
FNDA:18,(anonymous_1)
DA:2,10
DA:3,4
DA:5,6
DA:6,6
DA:7,6
DA:8,18
DA:9,11
DA:11,18
DA:12,5
DA:15,6
DA:16,3
DA:18,3
LF:12
LH:12
BRDA:2,0,0,4
BRDA:2,0,1,6
BRDA:2,1,0,10
BRDA:2,1,1,7
BRDA:8,2,0,11
BRDA:8,2,1,7
BRDA:11,3,0,5
BRDA:11,3,1,13
BRDA:15,4,0,3
BRDA:15,4,1,3
BRF:10
BRH:10
end_of_record
TN:
SF:practices-pdf\ArrayFind_practices\array-find-05-FindSecondLargestNumber.js
FN:1,findSecondLargestNumber
FNF:1
FNH:1
FNDA:12,findSecondLargestNumber
DA:2,12
DA:3,8
DA:5,4
DA:6,4
LF:4
LH:4
BRDA:2,0,0,8
BRDA:2,0,1,4
BRDA:2,1,0,12
BRDA:2,1,1,9
BRDA:2,1,2,8
BRF:5
BRH:5
end_of_record
TN:
SF:practices-pdf\ArrayFind_practices\array-find-06-FindLastPerfectSquare.js
FN:1,findLastPerfectSquare
FN:7,(anonymous_1)
FNF:2
FNH:2
FNDA:12,findLastPerfectSquare
FNDA:28,(anonymous_1)
DA:2,12
DA:3,4
DA:5,8
DA:6,8
DA:7,8
DA:8,28
DA:9,11
DA:12,8
DA:13,8
LF:9
LH:9
BRDA:2,0,0,4
BRDA:2,0,1,8
BRDA:2,1,0,12
BRDA:2,1,1,9
BRDA:8,2,0,11
BRDA:8,2,1,17
BRF:6
BRH:6
end_of_record
TN:
SF:practices-pdf\ArrayFind_practices\array-find-07-FindFirstEmail.js
FN:1,findFirstEmail
FN:8,(anonymous_1)
FN:9,(anonymous_2)
FNF:3
FNH:3
FNDA:15,findFirstEmail
FNDA:15,(anonymous_1)
FNDA:14,(anonymous_2)
DA:2,15
DA:3,4
DA:5,11
DA:6,11
DA:7,11
DA:8,15
DA:10,14
DA:11,14
DA:12,14
DA:13,7
DA:16,11
DA:17,6
DA:19,5
DA:20,3
DA:23,1
LF:15
LH:15
BRDA:2,0,0,4
BRDA:2,0,1,11
BRDA:2,1,0,15
BRDA:2,1,1,12
BRDA:8,2,0,15
BRDA:8,2,1,14
BRDA:12,3,0,7
BRDA:12,3,1,7
BRDA:12,4,0,14
BRDA:12,4,1,11
BRDA:16,5,0,6
BRDA:16,5,1,5
BRDA:19,6,0,3
BRDA:19,6,1,2
BRDA:19,7,0,5
BRDA:19,7,1,3
BRF:16
BRH:16
end_of_record
TN:
SF:practices-pdf\Number_practices\number-01-isIncreasing.js
FN:1,isIncreasingNumber
FNF:1
FNH:1
FNDA:16,isIncreasingNumber
DA:2,16
DA:3,8
DA:5,8
DA:6,8
DA:7,24
DA:8,4
DA:11,4
DA:13,1
LF:8
LH:8
BRDA:2,0,0,8
BRDA:2,0,1,8
BRDA:2,1,0,16
BRDA:2,1,1,13
BRDA:2,1,2,11
BRDA:7,2,0,4
BRDA:7,2,1,20
BRF:7
BRH:7
end_of_record
TN:
SF:practices-pdf\Number_practices\number-02-DecreasingNumber.js
FN:1,isDecreasingNumber
FNF:1
FNH:1
FNDA:13,isDecreasingNumber
DA:2,13
DA:3,5
DA:5,8
DA:6,8
DA:7,20
DA:8,4
DA:11,4
LF:7
LH:7
BRDA:2,0,0,5
BRDA:2,0,1,8
BRDA:2,1,0,13
BRDA:2,1,1,10
BRDA:2,1,2,9
BRDA:7,2,0,4
BRDA:7,2,1,16
BRF:7
BRH:7
end_of_record
TN:
SF:practices-pdf\Number_practices\number-03-IncreasingNumberByDistance.js
FN:1,isIncreasingNumberByDistance
FNF:1
FNH:1
FNDA:14,isIncreasingNumberByDistance
DA:2,14
DA:9,7
DA:11,7
DA:12,7
DA:13,14
DA:14,14
DA:15,3
DA:18,4
LF:8
LH:8
BRDA:2,0,0,7
BRDA:2,0,1,7
BRDA:3,1,0,14
BRDA:3,1,1,11
BRDA:3,1,2,11
BRDA:3,1,3,10
BRDA:3,1,4,7
BRDA:14,2,0,3
BRDA:14,2,1,11
BRF:9
BRH:9
end_of_record
TN:
SF:practices-pdf\Number_practices\number-04-IsPrime.js
FN:1,isPrime
FNF:1
FNH:1
FNDA:36,isPrime
DA:2,36
DA:3,6
DA:5,30
DA:6,1015
DA:7,5
DA:10,25
LF:6
LH:6
BRDA:2,0,0,6
BRDA:2,0,1,30
BRDA:2,1,0,36
BRDA:2,1,1,33
BRDA:2,1,2,31
BRDA:6,2,0,5
BRDA:6,2,1,1010
BRF:7
BRH:7
end_of_record
TN:
SF:practices-pdf\Number_practices\number-05-IsPerfectSquare.js
FN:1,isPerfectSquare
FNF:1
FNH:1
FNDA:16,isPerfectSquare
DA:2,16
DA:3,7
DA:5,9
DA:6,9
DA:7,4
DA:9,5
LF:6
LH:6
BRDA:2,0,0,7
BRDA:2,0,1,9
BRDA:2,1,0,16
BRDA:2,1,1,13
BRDA:2,1,2,10
BRDA:6,2,0,4
BRDA:6,2,1,5
BRF:7
BRH:7
end_of_record
TN:
SF:practices-pdf\Number_practices\number-06- IsPerfectNumber.js
FN:1,isPerfectNumber
FNF:1
FNH:1
FNDA:22,isPerfectNumber
DA:2,22
DA:3,7
DA:5,15
DA:6,15
DA:7,1150
DA:8,54
DA:11,15
DA:12,3
DA:14,12
LF:9
LH:9
BRDA:2,0,0,7
BRDA:2,0,1,15
BRDA:2,1,0,22
BRDA:2,1,1,19
BRDA:2,1,2,17
BRDA:7,2,0,54
BRDA:7,2,1,1096
BRDA:11,3,0,3
BRDA:11,3,1,12
BRF:9
BRH:9
end_of_record
TN:
SF:practices-pdf\Number_practices\number-07-IsSymetricNumber.js
FN:1,isSymetricNumber
FNF:1
FNH:1
FNDA:24,isSymetricNumber
DA:2,24
DA:3,6
DA:5,18
DA:6,18
DA:7,18
DA:8,18
DA:9,46
DA:10,1
DA:12,45
DA:13,45
DA:14,45
DA:15,45
DA:17,17
DA:18,8
DA:20,9
LF:15
LH:15
BRDA:2,0,0,6
BRDA:2,0,1,18
BRDA:2,1,0,24
BRDA:2,1,1,21
BRDA:2,1,2,19
BRDA:9,2,0,1
BRDA:9,2,1,45
BRDA:9,3,0,46
BRDA:9,3,1,5
BRDA:17,4,0,8
BRDA:17,4,1,9
BRF:11
BRH:11
end_of_record
TN:
SF:practices-pdf\Number_practices\number-08-IsDivisibleBy10.js
FN:1,isDivisibleBy10
FN:7,(anonymous_1)
FNF:2
FNH:2
FNDA:17,isDivisibleBy10
FNDA:44,(anonymous_1)
DA:2,17
DA:3,5
DA:5,12
DA:6,12
DA:7,12
DA:8,44
DA:10,12
DA:11,4
DA:13,8
LF:9
LH:9
BRDA:2,0,0,5
BRDA:2,0,1,12
BRDA:2,1,0,17
BRDA:2,1,1,15
BRDA:2,1,2,13
BRDA:10,2,0,4
BRDA:10,2,1,8
BRF:7
BRH:7
end_of_record
TN:
SF:practices-pdf\Number_practices\number-09-HasTwoDigitsWithSum.js
FN:1,hasTwoDigitsWithSum
FNF:1
FNH:1
FNDA:21,hasTwoDigitsWithSum
DA:2,21
DA:8,9
DA:10,12
DA:11,12
DA:12,20
DA:13,20
DA:14,20
DA:15,5
DA:18,7
DA:19,7
DA:20,2
DA:22,5
DA:24,1
LF:13
LH:13
BRDA:2,0,0,9
BRDA:2,0,1,12
BRDA:3,1,0,21
BRDA:3,1,1,17
BRDA:3,1,2,14
BRDA:3,1,3,12
BRDA:14,2,0,5
BRDA:14,2,1,15
BRDA:19,3,0,2
BRDA:19,3,1,5
BRF:10
BRH:10
end_of_record
TN:
SF:practices-pdf\String_practices\string-01-CountWords.js
FN:1,countWords
FN:5,(anonymous_1)
FNF:2
FNH:2
FNDA:9,countWords
FNDA:16,(anonymous_1)
DA:2,9
DA:3,5
DA:5,16
DA:6,4
LF:4
LH:4
BRDA:2,0,0,5
BRDA:2,0,1,4
BRDA:2,1,0,9
BRDA:2,1,1,6
BRDA:2,1,2,5
BRF:5
BRH:5
end_of_record
TN:
SF:practices-pdf\String_practices\string-02-StatisticsWords.js
FN:1,statisticsWords
FN:7,(anonymous_1)
FN:8,(anonymous_2)
FNF:3
FNH:3
FNDA:6,statisticsWords
FNDA:20,(anonymous_1)
FNDA:10,(anonymous_2)
DA:2,6
DA:3,4
DA:5,2
DA:6,2
DA:7,20
DA:9,10
DA:10,2
DA:12,8
DA:15,2
LF:9
LH:9
BRDA:2,0,0,4
BRDA:2,0,1,2
BRDA:2,1,0,6
BRDA:2,1,1,3
BRDA:9,2,0,2
BRDA:9,2,1,8
BRF:6
BRH:6
end_of_record
TN:
SF:practices-pdf\String_practices\string-03-StatisticsCharacters.js
FN:1,statisticsCharacters
FN:6,(anonymous_1)
FNF:2
FNH:2
FNDA:7,statisticsCharacters
FNDA:19,(anonymous_1)
DA:2,7
DA:3,4
DA:5,3
DA:6,3
DA:7,19
DA:8,19
DA:9,8
DA:11,11
DA:14,3
DA:16,1
LF:10
LH:10
BRDA:2,0,0,4
BRDA:2,0,1,3
BRDA:2,1,0,7
BRDA:2,1,1,4
BRDA:8,2,0,8
BRDA:8,2,1,11
BRF:6
BRH:6
end_of_record
TN:
SF:practices-pdf\String_practices\string-04-CountEmails.js
FN:1,countEmails
FN:8,(anonymous_1)
FN:9,(anonymous_2)
FNF:3
FNH:3
FNDA:10,countEmails
FNDA:38,(anonymous_1)
FNDA:9,(anonymous_2)
DA:2,10
DA:3,4
DA:5,6
DA:6,6
DA:8,38
DA:10,9
DA:11,9
DA:12,6
DA:16,6
LF:9
LH:9
BRDA:2,0,0,4
BRDA:2,0,1,6
BRDA:2,1,0,10
BRDA:2,1,1,7
BRDA:11,2,0,6
BRDA:11,2,1,3
BRDA:11,3,0,9
BRDA:11,3,1,6
BRF:8
BRH:8
end_of_record
TN:
SF:practices-pdf\String_practices\string-05-CountURLs.js
FN:2,countURLs
FN:8,(anonymous_1)
FN:15,(anonymous_2)
FNF:3
FNH:3
FNDA:19,countURLs
FNDA:22,(anonymous_1)
FNDA:12,(anonymous_2)
DA:1,1
DA:3,19
DA:4,4
DA:6,15
DA:7,15
DA:8,15
DA:9,22
DA:10,22
DA:11,22
DA:12,12
DA:15,15
DA:16,12
DA:17,12
DA:18,12
DA:19,8
DA:22,15
LF:16
LH:16
BRDA:3,0,0,4
BRDA:3,0,1,15
BRDA:3,1,0,19
BRDA:3,1,1,16
BRDA:11,2,0,12
BRDA:11,2,1,10
BRDA:11,3,0,22
BRDA:11,3,1,16
BRDA:18,4,0,8
BRDA:18,4,1,4
BRF:10
BRH:10
end_of_record
TN:
SF:practices-pdf\String_practices\string-06-GetDisplayedAddress.js
FN:1,getDisplayedAddress
FNF:1
FNH:1
FNDA:6,getDisplayedAddress
DA:2,6
DA:3,4
DA:5,2
DA:6,2
DA:7,7
DA:9,2
DA:10,1
DA:15,1
LF:8
LH:8
BRDA:2,0,0,4
BRDA:2,0,1,2
BRDA:2,1,0,6
BRDA:2,1,1,2
BRDA:9,2,0,1
BRDA:9,2,1,1
BRF:6
BRH:6
end_of_record
TN:
SF:practices-pdf\String_practices\string-07-FillPath.js
FN:1,fillPath
FNF:1
FNH:1
FNDA:8,fillPath
DA:2,8
DA:3,6
DA:5,2
DA:6,2
DA:7,1
DA:9,2
DA:10,2
DA:12,2
DA:13,1
DA:17,2
LF:10
LH:10
BRDA:2,0,0,6
BRDA:2,0,1,2
BRDA:2,1,0,8
BRDA:2,1,1,4
BRDA:2,1,2,2
BRDA:6,2,0,1
BRDA:6,2,1,1
BRDA:9,3,0,2
BRDA:9,3,1,0
BRDA:12,4,0,1
BRDA:12,4,1,1
BRDA:12,5,0,2
BRDA:12,5,1,1
BRF:13
BRH:12
end_of_record
TN:
SF:src\array.js
FN:24,isPrimeV1
FNF:1
FNH:1
FNDA:12,isPrimeV1
DA:25,12
DA:26,2
DA:28,10
DA:29,19
DA:30,5
DA:33,5
LF:6
LH:6
BRDA:25,0,0,2
BRDA:25,0,1,10
BRDA:25,1,0,12
BRDA:25,1,1,10
BRDA:29,2,0,5
BRDA:29,2,1,14
BRF:6
BRH:6
end_of_record
